#
# There is insufficient memory for the Java Runtime Environment to continue.
# Native memory allocation (mmap) failed to map 116391936 bytes for committing reserved memory.
# Possible reasons:
#   The system is out of physical RAM or swap space
#   In 32 bit mode, the process size limit was hit
# Possible solutions:
#   Reduce memory load on the system
#   Increase physical memory or swap space
#   Check if swap backing store is full
#   Use 64 bit Java on a 64 bit OS
#   Decrease Java heap size (-Xmx/-Xms)
#   Decrease number of Java threads
#   Decrease Java thread stack sizes (-Xss)
#   Set larger code cache with -XX:ReservedCodeCacheSize=
# This output file may be truncated or incomplete.
#
#  Out of Memory Error (os_linux.cpp:2630), pid=5572, tid=0x00007f6254470700
#
# JRE version: OpenJDK Runtime Environment (8.0_121-b13) (build 1.8.0_121-8u121-b13-0ubuntu1.16.04.2-b13)
# Java VM: OpenJDK 64-Bit Server VM (25.121-b13 mixed mode linux-amd64 compressed oops)
# Failed to write core dump. Core dumps have been disabled. To enable core dumping, try "ulimit -c unlimited" before starting Java again
#

---------------  T H R E A D  ---------------

Current thread (0x00007f6268073800):  VMThread [stack: 0x00007f6254370000,0x00007f6254471000] [id=5579]

Stack: [0x00007f6254370000,0x00007f6254471000],  sp=0x00007f625446f4c0,  free space=1021k
Native frames: (J=compiled Java code, j=interpreted, Vv=VM code, C=native code)
V  [libjvm.so+0xa6647b]
V  [libjvm.so+0x4c32dc]
V  [libjvm.so+0x8b4b60]
V  [libjvm.so+0x8aefde]
V  [libjvm.so+0x929a16]
V  [libjvm.so+0x92ad43]
V  [libjvm.so+0x9273f3]
V  [libjvm.so+0x9276bc]
V  [libjvm.so+0x8d9553]
V  [libjvm.so+0xa68132]
V  [libjvm.so+0xa6d217]
V  [libjvm.so+0xa6a9e7]
V  [libjvm.so+0xa6be6f]
V  [libjvm.so+0xa6c361]
V  [libjvm.so+0x8b2042]

VM_Operation (0x00007f6216af8d50): ParallelGCFailedAllocation, mode: safepoint, requested by thread 0x00007f62350d6000


---------------  P R O C E S S  ---------------

Java Threads: ( => current thread )
  0x00007f623503b800 JavaThread "pool-15-thread-4" [_thread_blocked, id=7870, stack(0x00007f6214d01000,0x00007f6214e02000)]
  0x00007f6235038000 JavaThread "pool-15-thread-3" [_thread_blocked, id=7869, stack(0x00007f6214e02000,0x00007f6214f03000)]
  0x00007f62350d6000 JavaThread "pool-15-thread-2" [_thread_blocked, id=7868, stack(0x00007f62169fa000,0x00007f6216afb000)]
  0x00007f62350d4800 JavaThread "pool-16-thread-1" [_thread_blocked, id=7867, stack(0x00007f62160f9000,0x00007f62161fa000)]
  0x00007f62350d3000 JavaThread "pool-15-thread-1" [_thread_blocked, id=7866, stack(0x00007f6215ff8000,0x00007f62160f9000)]
  0x00007f626840a800 JavaThread "pool-6-thread-3" [_thread_blocked, id=7865, stack(0x00007f6216afb000,0x00007f6216bfc000)]
  0x00007f624025b800 JavaThread "pool-13-thread-2" [_thread_blocked, id=7864, stack(0x00007f6216eff000,0x00007f6217000000)]
  0x00007f621c01b800 JavaThread "process reaper" daemon [_thread_blocked, id=7831, stack(0x00007f624caeb000,0x00007f624cb24000)]
  0x00007f624003b800 JavaThread "pool-13-thread-1" [_thread_blocked, id=7827, stack(0x00007f6216dfe000,0x00007f6216eff000)]
  0x00007f6240002000 JavaThread "Stdin handler" [_thread_blocked, id=7824, stack(0x00007f624d59e000,0x00007f624d69f000)]
  0x00007f6240001000 JavaThread "Asynchronous log dispatcher for org.gradle.launcher.daemon.server.DefaultDaemonConnection@2baba4d3" [_thread_blocked, id=7823, stack(0x00007f624d69f000,0x00007f624d7a0000)]
  0x00007f621802b000 JavaThread "Daemon worker Thread 3" [_thread_blocked, id=7821, stack(0x00007f624d9a2000,0x00007f624daa3000)]
  0x00007f621800d000 JavaThread "Cancel handler" [_thread_blocked, id=7820, stack(0x00007f624d7a0000,0x00007f624d8a1000)]
  0x00007f621800a800 JavaThread "Handler for socket connection from /127.0.0.1:33012 to /127.0.0.1:59588" [_thread_in_native, id=7819, stack(0x00007f624d8a1000,0x00007f624d9a2000)]
  0x00007f6220013000 JavaThread "Daemon Thread 3" [_thread_blocked, id=7818, stack(0x00007f624daa3000,0x00007f624dba4000)]
  0x00007f621c520800 JavaThread "pool-6-thread-2" [_thread_blocked, id=5664, stack(0x00007f6216bfc000,0x00007f6216cfd000)]
  0x00007f6228011800 JavaThread "pool-6-thread-1" [_thread_blocked, id=5647, stack(0x00007f6216cfd000,0x00007f6216dfe000)]
  0x00007f621ce22000 JavaThread "File lock request listener" [_thread_in_native, id=5602, stack(0x00007f624c7ea000,0x00007f624c8eb000)]
  0x00007f6268b93000 JavaThread "pool-1-thread-1" [_thread_blocked, id=5589, stack(0x00007f624dba4000,0x00007f624dca5000)]
  0x00007f6268b4d800 JavaThread "Incoming local TCP Connector on port 33012" [_thread_in_native, id=5588, stack(0x00007f624deac000,0x00007f624dfad000)]
  0x00007f62680ae800 JavaThread "Service Thread" daemon [_thread_blocked, id=5585, stack(0x00007f624efb0000,0x00007f624f0b1000)]
  0x00007f62680ab800 JavaThread "C1 CompilerThread1" daemon [_thread_blocked, id=5584, stack(0x00007f624f0b1000,0x00007f624f1b2000)]
  0x00007f62680a9000 JavaThread "C2 CompilerThread0" daemon [_thread_blocked, id=5583, stack(0x00007f624f1b2000,0x00007f624f2b3000)]
  0x00007f62680a6800 JavaThread "Signal Dispatcher" daemon [_thread_blocked, id=5582, stack(0x00007f625406d000,0x00007f625416e000)]
  0x00007f626807f800 JavaThread "Finalizer" daemon [_thread_blocked, id=5581, stack(0x00007f625416e000,0x00007f625426f000)]
  0x00007f626807b000 JavaThread "Reference Handler" daemon [_thread_blocked, id=5580, stack(0x00007f625426f000,0x00007f6254370000)]
  0x00007f626800a000 JavaThread "main" [_thread_blocked, id=5576, stack(0x00007f6270650000,0x00007f6270751000)]

Other Threads:
=>0x00007f6268073800 VMThread [stack: 0x00007f6254370000,0x00007f6254471000] [id=5579]
  0x00007f62680b5800 WatcherThread [stack: 0x00007f624eeaf000,0x00007f624efb0000] [id=5586]

VM state:at safepoint (normal execution)

VM Mutex/Monitor currently owned by a thread:  ([mutex/lock_event])
[0x00007f62680064e0] Threads_lock - owner thread: 0x00007f6268073800
[0x00007f62680069e0] Heap_lock - owner thread: 0x00007f62350d6000

Heap:
 PSYoungGen      total 414208K, used 22502K [0x00000000d5580000, 0x00000000f0000000, 0x0000000100000000)
  eden space 391680K, 0% used [0x00000000d5580000,0x00000000d5580000,0x00000000ed400000)
  from space 22528K, 99% used [0x00000000eea00000,0x00000000efff9940,0x00000000f0000000)
  to   space 1024K, 0% used [0x00000000ed400000,0x00000000ed400000,0x00000000ed500000)
 ParOldGen       total 82944K, used 41268K [0x0000000080000000, 0x0000000085100000, 0x00000000d5580000)
  object space 82944K, 49% used [0x0000000080000000,0x000000008284d390,0x0000000085100000)
 Metaspace       used 75955K, capacity 78030K, committed 78208K, reserved 1118208K
  class space    used 9282K, capacity 9734K, committed 9856K, reserved 1048576K

Card table byte_map: [0x00007f626c91a000,0x00007f626cd1b000] byte_map_base: 0x00007f626c51a000

Marking Bits: (ParMarkBitMap*) 0x00007f626f92b220
 Begin Bits: [0x00007f6255000000, 0x00007f6257000000)
 End Bits:   [0x00007f6257000000, 0x00007f6259000000)

Polling page: 0x00007f627077d000

CodeCache: size=245760Kb used=40026Kb max_used=40026Kb free=205733Kb
 bounds [0x00007f6259000000, 0x00007f625b740000, 0x00007f6268000000]
 total_blobs=13327 nmethods=12542 adapters=697
 compilation: enabled

Compilation events (10 events):
Event: 1757,287 Thread 0x00007f62680ab800 nmethod 15136 0x00007f625b733610 code [0x00007f625b733760, 0x00007f625b7338b0]
Event: 1757,287 Thread 0x00007f62680ab800 15203 %     3       com.android.dx.ssa.SsaConverter::placePhiFunctions @ 264 (394 bytes)
Event: 1757,322 Thread 0x00007f62680ab800 nmethod 15203% 0x00007f625b733950 code [0x00007f625b733f20, 0x00007f625b737de8]
Event: 1757,322 Thread 0x00007f62680ab800 15205 %     3       com.android.dx.ssa.SsaMethod::isRegALocal @ 38 (90 bytes)
Event: 1757,323 Thread 0x00007f62680ab800 nmethod 15205% 0x00007f625b73b750 code [0x00007f625b73b960, 0x00007f625b73c5e8]
Event: 1757,323 Thread 0x00007f62680ab800 15212   !   3       com.android.dx.cf.code.Simulator::simulate (74 bytes)
Event: 1757,332 Thread 0x00007f62680ab800 nmethod 15212 0x00007f625b73ca10 code [0x00007f625b73cbe0, 0x00007f625b73d498]
Event: 1757,332 Thread 0x00007f62680ab800 15211 %     3       com.android.dx.ssa.SsaBasicBlock::insertNewSuccessor @ 115 (228 bytes)
Event: 1757,338 Thread 0x00007f62680ab800 nmethod 15211% 0x00007f625b73d910 code [0x00007f625b73dc60, 0x00007f625b73f308]
Event: 1757,338 Thread 0x00007f62680ab800 15210 %     3       com.android.dx.ssa.SsaConverter::edgeSplitSuccessors @ 12 (98 bytes)

GC Heap History (10 events):
Event: 61,735 GC heap after
Heap after GC invocations=23 (full 4):
 PSYoungGen      total 328192K, used 32K [0x00000000d5580000, 0x00000000f0200000, 0x0000000100000000)
  eden space 304640K, 0% used [0x00000000d5580000,0x00000000d5580000,0x00000000e7f00000)
  from space 23552K, 0% used [0x00000000e7f00000,0x00000000e7f08000,0x00000000e9600000)
  to   space 23552K, 0% used [0x00000000eeb00000,0x00000000eeb00000,0x00000000f0200000)
 ParOldGen       total 82944K, used 53900K [0x0000000080000000, 0x0000000085100000, 0x00000000d5580000)
  object space 82944K, 64% used [0x0000000080000000,0x00000000834a31d0,0x0000000085100000)
 Metaspace       used 62368K, capacity 64044K, committed 64256K, reserved 1105920K
  class space    used 8047K, capacity 8421K, committed 8448K, reserved 1048576K
}
Event: 63,425 GC heap before
{Heap before GC invocations=24 (full 4):
 PSYoungGen      total 328192K, used 235973K [0x00000000d5580000, 0x00000000f0200000, 0x0000000100000000)
  eden space 304640K, 77% used [0x00000000d5580000,0x00000000e3be97e0,0x00000000e7f00000)
  from space 23552K, 0% used [0x00000000e7f00000,0x00000000e7f08000,0x00000000e9600000)
  to   space 23552K, 0% used [0x00000000eeb00000,0x00000000eeb00000,0x00000000f0200000)
 ParOldGen       total 82944K, used 53900K [0x0000000080000000, 0x0000000085100000, 0x00000000d5580000)
  object space 82944K, 64% used [0x0000000080000000,0x00000000834a31d0,0x0000000085100000)
 Metaspace       used 63812K, capacity 65574K, committed 65792K, reserved 1105920K
  class space    used 8211K, capacity 8626K, committed 8704K, reserved 1048576K
Event: 63,463 GC heap after
Heap after GC invocations=24 (full 4):
 PSYoungGen      total 414208K, used 1400K [0x00000000d5580000, 0x00000000f0100000, 0x0000000100000000)
  eden space 391680K, 0% used [0x00000000d5580000,0x00000000d5580000,0x00000000ed400000)
  from space 22528K, 6% used [0x00000000eeb00000,0x00000000eec5e358,0x00000000f0100000)
  to   space 23040K, 0% used [0x00000000ed400000,0x00000000ed400000,0x00000000eea80000)
 ParOldGen       total 82944K, used 53932K [0x0000000080000000, 0x0000000085100000, 0x00000000d5580000)
  object space 82944K, 65% used [0x0000000080000000,0x00000000834ab1d0,0x0000000085100000)
 Metaspace       used 63812K, capacity 65574K, committed 65792K, reserved 1105920K
  class space    used 8211K, capacity 8626K, committed 8704K, reserved 1048576K
}
Event: 63,463 GC heap before
{Heap before GC invocations=25 (full 5):
 PSYoungGen      total 414208K, used 1400K [0x00000000d5580000, 0x00000000f0100000, 0x0000000100000000)
  eden space 391680K, 0% used [0x00000000d5580000,0x00000000d5580000,0x00000000ed400000)
  from space 22528K, 6% used [0x00000000eeb00000,0x00000000eec5e358,0x00000000f0100000)
  to   space 23040K, 0% used [0x00000000ed400000,0x00000000ed400000,0x00000000eea80000)
 ParOldGen       total 82944K, used 53932K [0x0000000080000000, 0x0000000085100000, 0x00000000d5580000)
  object space 82944K, 65% used [0x0000000080000000,0x00000000834ab1d0,0x0000000085100000)
 Metaspace       used 63812K, capacity 65574K, committed 65792K, reserved 1105920K
  class space    used 8211K, capacity 8626K, committed 8704K, reserved 1048576K
Event: 64,279 GC heap after
Heap after GC invocations=25 (full 5):
 PSYoungGen      total 414208K, used 0K [0x00000000d5580000, 0x00000000f0100000, 0x0000000100000000)
  eden space 391680K, 0% used [0x00000000d5580000,0x00000000d5580000,0x00000000ed400000)
  from space 22528K, 0% used [0x00000000eeb00000,0x00000000eeb00000,0x00000000f0100000)
  to   space 23040K, 0% used [0x00000000ed400000,0x00000000ed400000,0x00000000eea80000)
 ParOldGen       total 82944K, used 38340K [0x0000000080000000, 0x0000000085100000, 0x00000000d5580000)
  object space 82944K, 46% used [0x0000000080000000,0x0000000082571180,0x0000000085100000)
 Metaspace       used 63812K, capacity 65574K, committed 65792K, reserved 1105920K
  class space    used 8211K, capacity 8626K, committed 8704K, reserved 1048576K
}
Event: 430,517 GC heap before
{Heap before GC invocations=26 (full 5):
 PSYoungGen      total 414208K, used 102171K [0x00000000d5580000, 0x00000000f0100000, 0x0000000100000000)
  eden space 391680K, 26% used [0x00000000d5580000,0x00000000db946ef8,0x00000000ed400000)
  from space 22528K, 0% used [0x00000000eeb00000,0x00000000eeb00000,0x00000000f0100000)
  to   space 23040K, 0% used [0x00000000ed400000,0x00000000ed400000,0x00000000eea80000)
 ParOldGen       total 82944K, used 38340K [0x0000000080000000, 0x0000000085100000, 0x00000000d5580000)
  object space 82944K, 46% used [0x0000000080000000,0x0000000082571180,0x0000000085100000)
 Metaspace       used 64485K, capacity 66392K, committed 66560K, reserved 1107968K
  class space    used 8246K, capacity 8687K, committed 8704K, reserved 1048576K
Event: 430,527 GC heap after
Heap after GC invocations=26 (full 5):
 PSYoungGen      total 392704K, used 576K [0x00000000d5580000, 0x00000000f0000000, 0x0000000100000000)
  eden space 391680K, 0% used [0x00000000d5580000,0x00000000d5580000,0x00000000ed400000)
  from space 1024K, 56% used [0x00000000ed400000,0x00000000ed490030,0x00000000ed500000)
  to   space 22528K, 0% used [0x00000000eea00000,0x00000000eea00000,0x00000000f0000000)
 ParOldGen       total 82944K, used 38348K [0x0000000080000000, 0x0000000085100000, 0x00000000d5580000)
  object space 82944K, 46% used [0x0000000080000000,0x0000000082573180,0x0000000085100000)
 Metaspace       used 64485K, capacity 66392K, committed 66560K, reserved 1107968K
  class space    used 8246K, capacity 8687K, committed 8704K, reserved 1048576K
}
Event: 430,527 GC heap before
{Heap before GC invocations=27 (full 6):
 PSYoungGen      total 392704K, used 576K [0x00000000d5580000, 0x00000000f0000000, 0x0000000100000000)
  eden space 391680K, 0% used [0x00000000d5580000,0x00000000d5580000,0x00000000ed400000)
  from space 1024K, 56% used [0x00000000ed400000,0x00000000ed490030,0x00000000ed500000)
  to   space 22528K, 0% used [0x00000000eea00000,0x00000000eea00000,0x00000000f0000000)
 ParOldGen       total 82944K, used 38348K [0x0000000080000000, 0x0000000085100000, 0x00000000d5580000)
  object space 82944K, 46% used [0x0000000080000000,0x0000000082573180,0x0000000085100000)
 Metaspace       used 64485K, capacity 66392K, committed 66560K, reserved 1107968K
  class space    used 8246K, capacity 8687K, committed 8704K, reserved 1048576K
Event: 431,320 GC heap after
Heap after GC invocations=27 (full 6):
 PSYoungGen      total 392704K, used 0K [0x00000000d5580000, 0x00000000f0000000, 0x0000000100000000)
  eden space 391680K, 0% used [0x00000000d5580000,0x00000000d5580000,0x00000000ed400000)
  from space 1024K, 0% used [0x00000000ed400000,0x00000000ed400000,0x00000000ed500000)
  to   space 22528K, 0% used [0x00000000eea00000,0x00000000eea00000,0x00000000f0000000)
 ParOldGen       total 82944K, used 37604K [0x0000000080000000, 0x0000000085100000, 0x00000000d5580000)
  object space 82944K, 45% used [0x0000000080000000,0x00000000824b90a8,0x0000000085100000)
 Metaspace       used 64485K, capacity 66392K, committed 66560K, reserved 1107968K
  class space    used 8246K, capacity 8687K, committed 8704K, reserved 1048576K
}
Event: 1757,375 GC heap before
{Heap before GC invocations=28 (full 6):
 PSYoungGen      total 392704K, used 391680K [0x00000000d5580000, 0x00000000f0000000, 0x0000000100000000)
  eden space 391680K, 100% used [0x00000000d5580000,0x00000000ed400000,0x00000000ed400000)
  from space 1024K, 0% used [0x00000000ed400000,0x00000000ed400000,0x00000000ed500000)
  to   space 22528K, 0% used [0x00000000eea00000,0x00000000eea00000,0x00000000f0000000)
 ParOldGen       total 82944K, used 37604K [0x0000000080000000, 0x0000000085100000, 0x00000000d5580000)
  object space 82944K, 45% used [0x0000000080000000,0x00000000824b90a8,0x0000000085100000)
 Metaspace       used 75955K, capacity 78030K, committed 78208K, reserved 1118208K
  class space    used 9282K, capacity 9734K, committed 9856K, reserved 1048576K

Deoptimization events (10 events):
Event: 1756,229 Thread 0x00007f621802b000 Uncommon trap: reason=class_check action=maybe_recompile pc=0x00007f625b51ee38 method=com.sun.org.apache.xerces.internal.dom.NamedNodeMapImpl.getNamedItem(Ljava/lang/String;)Lorg/w3c/dom/Node; @ 25
Event: 1756,283 Thread 0x00007f621802b000 Uncommon trap: reason=unstable_if action=reinterpret pc=0x00007f6259b8c238 method=java.util.Properties$LineReader.readLine()I @ 271
Event: 1756,283 Thread 0x00007f621802b000 Uncommon trap: reason=unstable_if action=reinterpret pc=0x00007f625aef3b04 method=java.util.Properties$LineReader.readLine()I @ 271
Event: 1756,287 Thread 0x00007f621802b000 Uncommon trap: reason=unstable_if action=reinterpret pc=0x00007f6259d34d04 method=java.util.Properties.loadConvert([CII[C)Ljava/lang/String; @ 4
Event: 1756,652 Thread 0x00007f621802b000 Uncommon trap: reason=unstable_if action=reinterpret pc=0x00007f62592c6838 method=com.sun.org.apache.xerces.internal.dom.DeferredDocumentImpl.getNodeObject(I)Lcom/sun/org/apache/xerces/internal/dom/DeferredNode; @ 252
Event: 1756,655 Thread 0x00007f621802b000 Uncommon trap: reason=class_check action=maybe_recompile pc=0x00007f625b4f6b1c method=com.sun.org.apache.xerces.internal.dom.AttributeMap.setNamedItem(Lorg/w3c/dom/Node;)Lorg/w3c/dom/Node; @ 4
Event: 1756,655 Thread 0x00007f621802b000 Uncommon trap: reason=class_check action=maybe_recompile pc=0x00007f625b4f6b1c method=com.sun.org.apache.xerces.internal.dom.AttributeMap.setNamedItem(Lorg/w3c/dom/Node;)Lorg/w3c/dom/Node; @ 4
Event: 1756,655 Thread 0x00007f621802b000 Uncommon trap: reason=class_check action=maybe_recompile pc=0x00007f625b4f6b1c method=com.sun.org.apache.xerces.internal.dom.AttributeMap.setNamedItem(Lorg/w3c/dom/Node;)Lorg/w3c/dom/Node; @ 4
Event: 1756,685 Thread 0x00007f621802b000 Uncommon trap: reason=predicate action=maybe_recompile pc=0x00007f625b51c380 method=com.google.common.base.Splitter$SplittingIterator.computeNext()Ljava/lang/String; @ 109
Event: 1756,982 Thread 0x00007f62350d3000 Uncommon trap: reason=unstable_if action=reinterpret pc=0x00007f625a55e698 method=java.util.concurrent.ConcurrentHashMap.addCount(JI)V @ 34

Internal exceptions (10 events):
Event: 1744,161 Thread 0x00007f621802b000 Exception <a 'java/lang/ArrayIndexOutOfBoundsException'> (0x00000000e2b47e48) thrown at [/build/openjdk-8-YiEakL/openjdk-8-8u121-b13/src/hotspot/src/share/vm/runtime/sharedRuntime.cpp, line 605]
Event: 1744,162 Thread 0x00007f621802b000 Exception <a 'java/lang/ArrayIndexOutOfBoundsException'> (0x00000000e2b4aa78) thrown at [/build/openjdk-8-YiEakL/openjdk-8-8u121-b13/src/hotspot/src/share/vm/runtime/sharedRuntime.cpp, line 605]
Event: 1744,163 Thread 0x00007f621802b000 Exception <a 'java/lang/ArrayIndexOutOfBoundsException'> (0x00000000e2b4d3b0) thrown at [/build/openjdk-8-YiEakL/openjdk-8-8u121-b13/src/hotspot/src/share/vm/runtime/sharedRuntime.cpp, line 605]
Event: 1744,175 Thread 0x00007f621802b000 Exception <a 'java/lang/ArrayIndexOutOfBoundsException'> (0x00000000e2b529a8) thrown at [/build/openjdk-8-YiEakL/openjdk-8-8u121-b13/src/hotspot/src/share/vm/runtime/sharedRuntime.cpp, line 605]
Event: 1744,176 Thread 0x00007f621802b000 Exception <a 'java/lang/ArrayIndexOutOfBoundsException'> (0x00000000e2b55e70) thrown at [/build/openjdk-8-YiEakL/openjdk-8-8u121-b13/src/hotspot/src/share/vm/runtime/sharedRuntime.cpp, line 605]
Event: 1744,179 Thread 0x00007f621802b000 Exception <a 'java/lang/ArrayIndexOutOfBoundsException'> (0x00000000e2b595b0) thrown at [/build/openjdk-8-YiEakL/openjdk-8-8u121-b13/src/hotspot/src/share/vm/runtime/sharedRuntime.cpp, line 605]
Event: 1744,180 Thread 0x00007f621802b000 Exception <a 'java/lang/ArrayIndexOutOfBoundsException'> (0x00000000e2b5c280) thrown at [/build/openjdk-8-YiEakL/openjdk-8-8u121-b13/src/hotspot/src/share/vm/runtime/sharedRuntime.cpp, line 605]
Event: 1744,185 Thread 0x00007f621802b000 Exception <a 'java/lang/ArrayIndexOutOfBoundsException'> (0x00000000e2b5ea70) thrown at [/build/openjdk-8-YiEakL/openjdk-8-8u121-b13/src/hotspot/src/share/vm/runtime/sharedRuntime.cpp, line 605]
Event: 1751,574 Thread 0x00007f621802b000 Implicit null exception at 0x00007f6259f01a21 to 0x00007f6259f01ebd
Event: 1756,725 Thread 0x00007f624025b800 Exception <a 'sun/nio/fs/UnixException'> (0x00000000eb334650) thrown at [/build/openjdk-8-YiEakL/openjdk-8-8u121-b13/src/hotspot/src/share/vm/prims/jni.cpp, line 709]

Events (10 events):
Event: 1757,228 Thread 0x00007f6235038000 DEOPT UNPACKING pc=0x00007f6259046f73 sp=0x00007f6214f00290 mode 0
Event: 1757,231 Thread 0x00007f62350d3000 DEOPT PACKING pc=0x00007f625a5ac025 sp=0x00007f62160f6e10
Event: 1757,231 Thread 0x00007f62350d3000 DEOPT UNPACKING pc=0x00007f6259046f73 sp=0x00007f62160f6b98 mode 0
Event: 1757,235 Thread 0x00007f62350d3000 DEOPT PACKING pc=0x00007f625a5bfe39 sp=0x00007f62160f7000
Event: 1757,235 Thread 0x00007f62350d3000 DEOPT UNPACKING pc=0x00007f6259046f73 sp=0x00007f62160f6d50 mode 0
Event: 1757,236 Thread 0x00007f623503b800 DEOPT PACKING pc=0x00007f625a5ac025 sp=0x00007f6214dffe10
Event: 1757,236 Thread 0x00007f623503b800 DEOPT UNPACKING pc=0x00007f6259046f73 sp=0x00007f6214dffb98 mode 0
Event: 1757,314 Thread 0x00007f623503b800 DEOPT PACKING pc=0x00007f625a5a00a8 sp=0x00007f6214dff550
Event: 1757,314 Thread 0x00007f623503b800 DEOPT UNPACKING pc=0x00007f6259046f73 sp=0x00007f6214dff290 mode 0
Event: 1757,346 Executing VM operation: ParallelGCFailedAllocation


Dynamic libraries:
00400000-00401000 r-xp 00000000 08:02 3809427                            /usr/lib/jvm/java-8-openjdk-amd64/jre/bin/java
00600000-00601000 r--p 00000000 08:02 3809427                            /usr/lib/jvm/java-8-openjdk-amd64/jre/bin/java
00601000-00602000 rw-p 00001000 08:02 3809427                            /usr/lib/jvm/java-8-openjdk-amd64/jre/bin/java
01063000-01084000 rw-p 00000000 00:00 0                                  [heap]
80000000-85100000 rw-p 00000000 00:00 0 
85100000-d5580000 ---p 00000000 00:00 0 
d5580000-f0000000 rw-p 00000000 00:00 0 
f6f00000-100000000 ---p 00000000 00:00 0 
100000000-1009a0000 rw-p 00000000 00:00 0 
1009a0000-140000000 ---p 00000000 00:00 0 
7f6214d01000-7f6214d04000 ---p 00000000 00:00 0 
7f6214d04000-7f6214e02000 rw-p 00000000 00:00 0 
7f6214e02000-7f6214e05000 ---p 00000000 00:00 0 
7f6214e05000-7f6214fc3000 rw-p 00000000 00:00 0 
7f6214fc3000-7f6215103000 ---p 00000000 00:00 0 
7f6215103000-7f6215303000 rw-p 00000000 00:00 0 
7f6215303000-7f6215503000 rw-p 00000000 00:00 0 
7f62155f8000-7f62157f8000 rw-p 00000000 00:00 0 
7f62157f8000-7f62159f8000 rw-p 00000000 00:00 0 
7f62159f8000-7f6215bf8000 rw-p 00000000 00:00 0 
7f6215bf8000-7f6215df8000 rw-p 00000000 00:00 0 
7f6215df8000-7f6215ff8000 rw-p 00000000 00:00 0 
7f6215ff8000-7f6215ffb000 ---p 00000000 00:00 0 
7f6215ffb000-7f62160f9000 rw-p 00000000 00:00 0 
7f62160f9000-7f62160fc000 ---p 00000000 00:00 0 
7f62160fc000-7f62163fa000 rw-p 00000000 00:00 0 
7f62163fa000-7f62165fa000 rw-p 00000000 00:00 0 
7f62165fa000-7f62167fa000 rw-p 00000000 00:00 0 
7f62167fa000-7f62169fa000 rw-p 00000000 00:00 0 
7f62169fa000-7f62169fd000 ---p 00000000 00:00 0 
7f62169fd000-7f6216afb000 rw-p 00000000 00:00 0 
7f6216afb000-7f6216afe000 ---p 00000000 00:00 0 
7f6216afe000-7f6216bfc000 rw-p 00000000 00:00 0 
7f6216bfc000-7f6216bff000 ---p 00000000 00:00 0 
7f6216bff000-7f6216cfd000 rw-p 00000000 00:00 0 
7f6216cfd000-7f6216d00000 ---p 00000000 00:00 0 
7f6216d00000-7f6216dfe000 rw-p 00000000 00:00 0 
7f6216dfe000-7f6216e01000 ---p 00000000 00:00 0 
7f6216e01000-7f6216eff000 rw-p 00000000 00:00 0 
7f6216eff000-7f6216f02000 ---p 00000000 00:00 0 
7f6216f02000-7f6217200000 rw-p 00000000 00:00 0 
7f6217200000-7f6217400000 rw-p 00000000 00:00 0 
7f6217400000-7f6217600000 rw-p 00000000 00:00 0 
7f6217600000-7f6217800000 rw-p 00000000 00:00 0 
7f6217800000-7f6217a00000 rw-p 00000000 00:00 0 
7f6217a00000-7f6217c00000 rw-p 00000000 00:00 0 
7f6217c00000-7f6217e00000 rw-p 00000000 00:00 0 
7f6217e00000-7f6218000000 rw-p 00000000 00:00 0 
7f6218000000-7f6218034000 rw-p 00000000 00:00 0 
7f6218034000-7f621c000000 ---p 00000000 00:00 0 
7f621c000000-7f621e397000 rw-p 00000000 00:00 0 
7f621e397000-7f6220000000 ---p 00000000 00:00 0 
7f6220000000-7f62200a3000 rw-p 00000000 00:00 0 
7f62200a3000-7f6224000000 ---p 00000000 00:00 0 
7f6224000000-7f6224021000 rw-p 00000000 00:00 0 
7f6224021000-7f6228000000 ---p 00000000 00:00 0 
7f6228000000-7f6228056000 rw-p 00000000 00:00 0 
7f6228056000-7f622c000000 ---p 00000000 00:00 0 
7f622c000000-7f622c109000 rw-p 00000000 00:00 0 
7f622c109000-7f6230000000 ---p 00000000 00:00 0 
7f6230000000-7f6231fc3000 rw-p 00000000 00:00 0 
7f6231fc3000-7f6234000000 ---p 00000000 00:00 0 
7f6234000000-7f62351c5000 rw-p 00000000 00:00 0 
7f62351c5000-7f6238000000 ---p 00000000 00:00 0 
7f6238000000-7f6238021000 rw-p 00000000 00:00 0 
7f6238021000-7f623c000000 ---p 00000000 00:00 0 
7f623c000000-7f623c021000 rw-p 00000000 00:00 0 
7f623c021000-7f6240000000 ---p 00000000 00:00 0 
7f6240000000-7f62403a6000 rw-p 00000000 00:00 0 
7f62403a6000-7f6244000000 ---p 00000000 00:00 0 
7f6244000000-7f6244021000 rw-p 00000000 00:00 0 
7f6244021000-7f6248000000 ---p 00000000 00:00 0 
7f6248000000-7f624805c000 rw-p 00000000 00:00 0 
7f624805c000-7f624c000000 ---p 00000000 00:00 0 
7f624c006000-7f624c02b000 r--p 00000000 08:02 5139047                    /usr/share/locale-langpack/es/LC_MESSAGES/libc.mo
7f624c02b000-7f624c02e000 r--s 00015000 08:02 3809373                    /usr/lib/jvm/java-8-openjdk-amd64/jre/lib/jce.jar
7f624c02e000-7f624c041000 r--s 00346000 08:02 3809311                    /usr/lib/jvm/java-8-openjdk-amd64/jre/lib/resources.jar
7f624c041000-7f624c241000 rw-p 00000000 00:00 0 
7f624c241000-7f624c441000 rw-p 00000000 00:00 0 
7f624c441000-7f624c46c000 r--s 001fc000 08:02 4069589                    /home/alejo/.gradle/caches/modules-2/files-2.1/com.google.guava/guava/18.0/cce0823396aa693798f8882e64213b1772032b09/guava-18.0.jar
7f624c46c000-7f624c46d000 r--s 00001000 08:02 4069588                    /home/alejo/.gradle/caches/modules-2/files-2.1/com.android.tools/annotations/25.2.1/5110ad3fc41cbcb39cc26fc19379eb0a8972911a/annotations-25.2.1.jar
7f624c46d000-7f624c47f000 r--s 000b3000 08:02 4069587                    /home/alejo/.gradle/caches/modules-2/files-2.1/com.android.tools.external.com-intellij/uast/145.597.3/4d2f689b410743048f70f34c1632571b50e3d6bd/uast-145.597.3.jar
7f624c47f000-7f624c487000 r--s 000a8000 08:02 4069586                    /home/alejo/.gradle/caches/modules-2/files-2.1/com.android.tools.external.lombok/lombok-ast/0.2.3/528b6f8bde3157f17530aa366631f2aad2a6cf9/lombok-ast-0.2.3.jar
7f624c487000-7f624c489000 r--s 0000d000 08:02 4069585                    /home/alejo/.gradle/caches/modules-2/files-2.1/commons-codec/commons-codec/1.4/4216af16d38465bbab0f3dff8efa14204f7a399a/commons-codec-1.4.jar
7f624c489000-7f624c48b000 r--s 0000d000 08:02 4069584                    /home/alejo/.gradle/caches/modules-2/files-2.1/commons-logging/commons-logging/1.1.1/5043bfebc3db072ed80fbd362e7caf00e885d8ae/commons-logging-1.1.1.jar
7f624c48b000-7f624c490000 r--s 00028000 08:02 4069583                    /home/alejo/.gradle/caches/modules-2/files-2.1/org.apache.httpcomponents/httpcore/4.1/33fc26c02f8043ab0ede19eadc8c9885386b255c/httpcore-4.1.jar
7f624c490000-7f624c494000 r--s 0002f000 08:02 4069582                    /home/alejo/.gradle/caches/modules-2/files-2.1/com.google.jimfs/jimfs/1.1/8fbd0579dc68aba6186935cc1bee21d2f3e7ec1c/jimfs-1.1.jar
7f624c494000-7f624c495000 r--s 00004000 08:02 4069581                    /home/alejo/.gradle/caches/modules-2/files-2.1/com.intellij/annotations/12.0/bbcf6448f6d40abe506e2c83b70a3e8bfd2b4539/annotations-12.0.jar
7f624c495000-7f624c496000 r--s 00004000 08:02 4069580                    /home/alejo/.gradle/caches/modules-2/files-2.1/org.ow2.asm/asm-analysis/5.0.4/51f5031331a56c462a3cc5126e21ab65958759a9/asm-analysis-5.0.4.jar
7f624c496000-7f624c49a000 r--s 0003b000 08:02 4069579                    /home/alejo/.gradle/caches/modules-2/files-2.1/com.android.tools.lint/lint-api/25.2.1/9e9e87072eba52829a5b89a87f857cbb384c6a51/lint-api-25.2.1.jar
7f624c49a000-7f624c49b000 r--s 0000a000 08:02 4069578                    /home/alejo/.gradle/caches/modules-2/files-2.1/net.sf.kxml/kxml2/2.3.0/ccbc77a5fd907ef863c29f3596c6f54ffa4e9442/kxml2-2.3.0.jar
7f624c49b000-7f624c49d000 r--s 00005000 08:02 4069577                    /home/alejo/.gradle/caches/modules-2/files-2.1/org.apache.httpcomponents/httpmime/4.1/9ba2dcdf94ce35c8a8e9bff242db0618ca932e92/httpmime-4.1.jar
7f624c49d000-7f624c4a5000 r--s 0004e000 08:02 4069576                    /home/alejo/.gradle/caches/modules-2/files-2.1/org.apache.httpcomponents/httpclient/4.1.1/3d1d918f32709e33ba7ddb2c4e8d1c543ebe713e/httpclient-4.1.1.jar
7f624c4a5000-7f624c4ac000 r--s 00053000 08:02 4069575                    /home/alejo/.gradle/caches/modules-2/files-2.1/org.apache.commons/commons-compress/1.8.1/a698750c16740fd5b3871425f4cb3bbaa87f529d/commons-compress-1.8.1.jar
7f624c4ac000-7f624c4b1000 r--s 0002a000 08:02 4069574                    /home/alejo/.gradle/caches/modules-2/files-2.1/com.google.code.gson/gson/2.2.4/a60a5e993c98c864010053cb901b7eab25306568/gson-2.2.4.jar
7f624c4b1000-7f624c4b6000 r--s 0002d000 08:02 4069573                    /home/alejo/.gradle/caches/modules-2/files-2.1/com.android.tools/repository/25.2.1/df399e4041a4aecd8d8bc7c09902223d8c8be85a/repository-25.2.1.jar
7f624c4b6000-7f624c4b7000 r--s 00005000 08:02 4069572                    /home/alejo/.gradle/caches/modules-2/files-2.1/com.android.tools/dvlib/25.2.1/3dae5c51505b3e1105018b4c57b3fbf757f9f5c0/dvlib-25.2.1.jar
7f624c4b7000-7f624c4ba000 r--s 00014000 08:02 4069571                    /home/alejo/.gradle/caches/modules-2/files-2.1/com.android.tools.layoutlib/layoutlib-api/25.2.1/3d440ea19840eb7e9a51ed4ecf54f244ba43b2eb/layoutlib-api-25.2.1.jar
7f624c4ba000-7f624c4be000 r--s 00037000 08:02 4069570                    /home/alejo/.gradle/caches/modules-2/files-2.1/org.antlr/ST4/4.0.8/a1c55e974f8a94d78e2348fa6ff63f4fa1fae64/ST4-4.0.8.jar
7f624c4be000-7f624c4c1000 r--s 00026000 08:02 4069569                    /home/alejo/.gradle/caches/modules-2/files-2.1/org.antlr/antlr-runtime/3.5.2/cd9cd41361c155f3af0f653009dcecb08d8b4afd/antlr-runtime-3.5.2.jar
7f624c4c1000-7f624c4c6000 r--s 00058000 08:02 4069568                    /home/alejo/.gradle/caches/modules-2/files-2.1/org.ow2.asm/asm-debug-all/5.0.1/f69b5f7d96cec0d448acf1c1a266584170c9643b/asm-debug-all-5.0.1.jar
7f624c4c6000-7f624c4d6000 r--s 000d6000 08:02 4069567                    /home/alejo/.gradle/caches/modules-2/files-2.1/net.sf.proguard/proguard-base/5.2.1/4f61348b4e7c943b85679dcb697f3a5fc3101921/proguard-base-5.2.1.jar
7f624c4d6000-7f624c4d9000 r--s 00033000 08:02 4069566                    /home/alejo/.gradle/caches/modules-2/files-2.1/com.googlecode.juniversalchardet/juniversalchardet/1.0.3/cd49678784c46aa8789c060538e0154013bb421b/juniversalchardet-1.0.3.jar
7f624c4d9000-7f624c4dd000 r--s 0002a000 08:02 4069565                    /home/alejo/.gradle/caches/modules-2/files-2.1/commons-io/commons-io/2.4/b1b6ea3b7e4aa4f492509a4952029cd8e48019ad/commons-io-2.4.jar
7f624c4dd000-7f624c4f4000 r--s 00154000 08:02 4069564                    /home/alejo/.gradle/caches/modules-2/files-2.1/org.antlr/antlr4/4.5.3/f35db7e4b2446e4174ba6a73db7bd6b3e6bb5da1/antlr4-4.5.3.jar
7f624c4f4000-7f624c4f5000 r--s 00002000 08:02 4069563                    /home/alejo/.gradle/caches/modules-2/files-2.1/com.android.databinding/baseLibrary/2.2.1/30d2b12e06347ece26e565b60cb7de12ed14d13b/baseLibrary-2.2.1.jar
7f624c4f5000-7f624c508000 r--s 00236000 08:02 4069562                    /home/alejo/.gradle/caches/modules-2/files-2.1/org.eclipse.jdt.core.compiler/ecj/4.5.1/bee1367ac12fb6a20b422ff8711ebeb4f0a42316/ecj-4.5.1.jar
7f624c508000-7f624c50f000 r--s 000c3000 08:02 4069561                    /home/alejo/.gradle/caches/modules-2/files-2.1/com.android.tools.lint/lint-checks/25.2.1/14b530fe88ab45b59b451e3ce76efd213d71471c/lint-checks-25.2.1.jar
7f624c50f000-7f624c511000 r--s 00006000 08:02 4069560                    /home/alejo/.gradle/caches/modules-2/files-2.1/org.ow2.asm/asm-tree/5.0.4/396ce0c07ba2b481f25a70195c7c94922f0d1b0b/asm-tree-5.0.4.jar
7f624c511000-7f624c544000 r--s 00203000 08:02 4069559                    /home/alejo/.gradle/caches/modules-2/files-2.1/org.bouncycastle/bcprov-jdk15on/1.48/960dea7c9181ba0b17e8bab0c06a43f0a5f04e65/bcprov-jdk15on-1.48.jar
7f624c544000-7f624c552000 r--s 00081000 08:02 4069558                    /home/alejo/.gradle/caches/modules-2/files-2.1/org.bouncycastle/bcpkix-jdk15on/1.48/28b7614b908a47844bb27e3c94b45b6893656265/bcpkix-jdk15on-1.48.jar
7f624c552000-7f624c554000 r--s 00002000 08:02 4069557                    /home/alejo/.gradle/caches/modules-2/files-2.1/com.squareup/javawriter/2.5.0/81241ff7078ef14f42ea2a8995fa09c096256e6b/javawriter-2.5.0.jar
7f624c554000-7f624c555000 r--s 00002000 08:02 4069556                    /home/alejo/.gradle/caches/modules-2/files-2.1/com.android.tools.analytics-library/tracker/25.2.1/9fefa2ffec302329dd5f04a9fb07e45462f2c934/tracker-25.2.1.jar
7f624c555000-7f624c557000 r--s 00003000 08:02 4069555                    /home/alejo/.gradle/caches/modules-2/files-2.1/com.android.tools.analytics-library/shared/25.2.1/e5ce4fd0911a368c21b84c98d31086733fd1590d/shared-25.2.1.jar
7f624c557000-7f624c564000 r--s 000ed000 08:02 4069554                    /home/alejo/.gradle/caches/modules-2/files-2.1/com.android.tools.analytics-library/protos/25.2.1/166a8b30acaeba56a83aa8f803c3393d320f44df/protos-25.2.1.jar
7f624c564000-7f624c565000 r--s 00001000 08:02 4069553                    /home/alejo/.gradle/caches/modules-2/files-2.1/com.android.tools.jill/jill-api/0.10.0/7dfd6360ae4af1e171ec67b92e0cf065d59eef19/jill-api-0.10.0.jar
7f624c565000-7f624c567000 r--s 00003000 08:02 4069552                    /home/alejo/.gradle/caches/modules-2/files-2.1/com.android.tools.jack/jack-api/0.11.0/ccda6afebd2b9cf60886c601ea561bba62c35c70/jack-api-0.11.0.jar
7f624c567000-7f624c56c000 r--s 0004a000 08:02 4069551                    /home/alejo/.gradle/caches/modules-2/files-2.1/com.android.tools.ddms/ddmlib/25.2.1/fa5f1c4f025531877a67cf57e42a18c18a0a79db/ddmlib-25.2.1.jar
7f624c56c000-7f624c56f000 r--s 00021000 08:02 4069550                    /home/alejo/.gradle/caches/modules-2/files-2.1/com.android.tools.build/manifest-merger/25.2.1/95a20529bb25431cb9a5ebc6e605f8506dab290d/manifest-merger-25.2.1.jar
7f624c56f000-7f624c571000 r--s 0001c000 08:02 4069549                    /home/alejo/.gradle/caches/modules-2/files-2.1/com.android.tools/common/25.2.1/826519369e072d312bc34016ba4d9895618a5590/common-25.2.1.jar
7f624c571000-7f624c57a000 r--s 00083000 08:02 4069548                    /home/alejo/.gradle/caches/modules-2/files-2.1/com.android.tools/sdk-common/25.2.1/6f401b4d6cf931ef4ba715879c80dd6d8b153e1a/sdk-common-25.2.1.jar
7f624c57a000-7f624c585000 r--s 0008e000 08:02 4069547                    /home/alejo/.gradle/caches/modules-2/files-2.1/com.android.tools/sdklib/25.2.1/bd5f7df7c5343e10f49749dc6649b7a7cd339215/sdklib-25.2.1.jar
7f624c585000-7f624c586000 r--s 00002000 08:02 4069546                    /home/alejo/.gradle/caches/modules-2/files-2.1/com.android.tools.build/builder-test-api/2.2.1/c0bd6669d9560fbfcad68d7234272a5a707b5d6e/builder-test-api-2.2.1.jar
7f624c586000-7f624c589000 r--s 00005000 08:02 4069545                    /home/alejo/.gradle/caches/modules-2/files-2.1/com.android.tools.build/builder-model/2.2.1/2bc96fb6480d6707276adea8bd2241e27d01a3a8/builder-model-2.2.1.jar
7f624c589000-7f624c593000 r--s 00110000 08:02 4069544                    /home/alejo/.gradle/caches/modules-2/files-2.1/org.antlr/antlr/3.5.2/c4a65c950bfc3e7d04309c515b2177c00baf7764/antlr-3.5.2.jar
7f624c593000-7f624c59b000 r--s 0007b000 08:02 4069543                    /home/alejo/.gradle/caches/modules-2/files-2.1/com.google.protobuf/protobuf-java/2.5.0/a10732c76bfacdbd633a7eb0f7968b1059a65dfa/protobuf-java-2.5.0.jar
7f624c59b000-7f624c59d000 r--s 0000f000 08:02 4069542                    /home/alejo/.gradle/caches/modules-2/files-2.1/net.sf.jopt-simple/jopt-simple/4.9/ee9e9eaa0a35360dcfeac129ff4923215fd65904/jopt-simple-4.9.jar
7f624c59d000-7f624c5a1000 r--s 0001f000 08:02 4069541                    /home/alejo/.gradle/caches/modules-2/files-2.1/org.jacoco/org.jacoco.report/0.7.5.201505241946/cb1ac5562a45c98cd7b774452f3e8b867b71cd65/org.jacoco.report-0.7.5.201505241946.jar
7f624c5a1000-7f624c5a5000 r--s 0001d000 08:02 4069540                    /home/alejo/.gradle/caches/modules-2/files-2.1/org.jacoco/org.jacoco.core/0.7.5.201505241946/1ea906dc5201d2a1bc0604f8650534d4bcaf4c95/org.jacoco.core-0.7.5.201505241946.jar
7f624c5a5000-7f624c5a6000 r--s 00002000 08:02 4069539                    /home/alejo/.gradle/caches/modules-2/files-2.1/net.sf.proguard/proguard-gradle/5.2.1/5e9956c050fd84fa043517e77c4c0ff175a6b002/proguard-gradle-5.2.1.jar
7f624c5a6000-7f624c5a8000 r--s 00009000 08:02 4069538                    /home/alejo/.gradle/caches/modules-2/files-2.1/org.ow2.asm/asm-commons/5.0.4/5a556786086c23cd689a0328f8519db93821c04c/asm-commons-5.0.4.jar
7f624c5a8000-7f624c5aa000 r--s 0000c000 08:02 4069537                    /home/alejo/.gradle/caches/modules-2/files-2.1/org.ow2.asm/asm/5.0.4/da08b8cce7bbf903602a25a3a163ae252435795/asm-5.0.4.jar
7f624c5aa000-7f624c5ae000 r--s 0002b000 08:02 4069536                    /home/alejo/.gradle/caches/modules-2/files-2.1/com.android.databinding/compilerCommon/2.2.1/7234776e99a21f40b63958c4408a044eb54d7f95/compilerCommon-2.2.1.jar
7f624c5ae000-7f624c5af000 r--s 00002000 08:02 4069535                    /home/alejo/.gradle/caches/modules-2/files-2.1/com.android.tools.build/gradle-api/2.2.1/aa5c80e43f5efacb0f44ba236305128abfa16894/gradle-api-2.2.1.jar
7f624c5af000-7f624c5b0000 r--s 00000000 08:02 4069534                    /home/alejo/.gradle/caches/modules-2/files-2.1/com.android.tools.build/transform-api/2.0.0-deprecated-use-gradle-api/85bee1acea9e27152b920746c68133b30b11431/transform-api-2.0.0-deprecated-use-gradle-api.jar
7f624c5b0000-7f624c5b5000 r--s 00053000 08:02 4069498                    /home/alejo/.gradle/caches/modules-2/files-2.1/com.android.tools.lint/lint/25.2.1/f44f01afc06948d4bf1e9201b6baaa6dc4b0a830/lint-25.2.1.jar
7f624c5b5000-7f624c5cc000 r--s 0015d000 08:02 4069497                    /home/alejo/.gradle/caches/modules-2/files-2.1/com.android.tools.build/builder/2.2.1/5b7004f341a3d058fd0d082b149123b4831b86b0/builder-2.2.1.jar
7f624c5cc000-7f624c5e8000 r--s 0019d000 08:02 4069496                    /home/alejo/.gradle/caches/modules-2/files-2.1/com.android.tools.build/gradle-core/2.2.1/feed4dc61b34c08999c1338f1874fd78f95650bd/gradle-core-2.2.1.jar
7f624c5e8000-7f624c5ea000 r--s 0000d000 08:02 4069495                    /home/alejo/.gradle/caches/modules-2/files-2.1/com.android.tools.build/gradle/2.2.1/a3efd0e2aa62dc14d25c43d40f8612c18445b07c/gradle-2.2.1.jar
7f624c5ea000-7f624c7ea000 rw-p 00000000 00:00 0 
7f624c7ea000-7f624c7ed000 ---p 00000000 00:00 0 
7f624c7ed000-7f624caeb000 rw-p 00000000 00:00 0 
7f624caeb000-7f624caee000 ---p 00000000 00:00 0 
7f624caee000-7f624cb24000 rw-p 00000000 00:00 0 
7f624cb24000-7f624cb25000 r--p 00000000 00:00 0 
7f624cb25000-7f624cd25000 rw-p 00000000 00:00 0 
7f624cd25000-7f624cf25000 rw-p 00000000 00:00 0 
7f624cf25000-7f624d125000 rw-p 00000000 00:00 0 
7f624d125000-7f624d325000 rw-p 00000000 00:00 0 
7f624d325000-7f624d39e000 r--s 010fd000 08:02 5268073                    /usr/lib/jvm/java-8-openjdk-amd64/lib/tools.jar
7f624d39e000-7f624d59e000 rw-p 00000000 00:00 0 
7f624d59e000-7f624d5a1000 ---p 00000000 00:00 0 
7f624d5a1000-7f624d69f000 rw-p 00000000 00:00 0 
7f624d69f000-7f624d6a2000 ---p 00000000 00:00 0 
7f624d6a2000-7f624d7a0000 rw-p 00000000 00:00 0 
7f624d7a0000-7f624d7a3000 ---p 00000000 00:00 0 
7f624d7a3000-7f624d8a1000 rw-p 00000000 00:00 0 
7f624d8a1000-7f624d8a4000 ---p 00000000 00:00 0 
7f624d8a4000-7f624d9a2000 rw-p 00000000 00:00 0 
7f624d9a2000-7f624d9a5000 ---p 00000000 00:00 0 
7f624d9a5000-7f624daa3000 rw-p 00000000 00:00 0 
7f624daa3000-7f624daa6000 ---p 00000000 00:00 0 
7f624daa6000-7f624dba4000 rw-p 00000000 00:00 0 
7f624dba4000-7f624dba7000 ---p 00000000 00:00 0 
7f624dba7000-7f624dca5000 rw-p 00000000 00:00 0 
7f624dca5000-7f624dcac000 r--s 00000000 08:02 4067462                    /usr/lib/x86_64-linux-gnu/gconv/gconv-modules.cache
7f624dcac000-7f624deac000 rw-p 00000000 00:00 0 
7f624deac000-7f624deaf000 ---p 00000000 00:00 0 
7f624deaf000-7f624dfad000 rw-p 00000000 00:00 0 
7f624dfad000-7f624dfb6000 r-xp 00000000 08:02 3809184                    /usr/lib/jvm/java-8-openjdk-amd64/jre/lib/amd64/libmanagement.so
7f624dfb6000-7f624e1b5000 ---p 00009000 08:02 3809184                    /usr/lib/jvm/java-8-openjdk-amd64/jre/lib/amd64/libmanagement.so
7f624e1b5000-7f624e1b6000 r--p 00008000 08:02 3809184                    /usr/lib/jvm/java-8-openjdk-amd64/jre/lib/amd64/libmanagement.so
7f624e1b6000-7f624e1b7000 rw-p 00009000 08:02 3809184                    /usr/lib/jvm/java-8-openjdk-amd64/jre/lib/amd64/libmanagement.so
7f624e1b7000-7f624e1bb000 r--s 0009a000 08:02 3809344                    /usr/lib/jvm/java-8-openjdk-amd64/jre/lib/jsse.jar
7f624e1bb000-7f624e1bd000 r--s 00007000 08:02 7483907                    /home/alejo/.gradle/wrapper/dists/gradle-2.14.1-all/4cj8p00t3e5ni9e8iofg8ghvk7/gradle-2.14.1/lib/plugins/gradle-tooling-api-builders-2.14.1.jar
7f624e1bd000-7f624e1c0000 r--s 00008000 08:02 7483900                    /home/alejo/.gradle/wrapper/dists/gradle-2.14.1-all/4cj8p00t3e5ni9e8iofg8ghvk7/gradle-2.14.1/lib/plugins/gradle-testing-native-2.14.1.jar
7f624e1c0000-7f624e1c2000 r--s 00009000 08:02 7483979                    /home/alejo/.gradle/wrapper/dists/gradle-2.14.1-all/4cj8p00t3e5ni9e8iofg8ghvk7/gradle-2.14.1/lib/plugins/hamcrest-core-1.3.jar
7f624e1c2000-7f624e1c8000 r--s 00033000 08:02 7483973                    /home/alejo/.gradle/wrapper/dists/gradle-2.14.1-all/4cj8p00t3e5ni9e8iofg8ghvk7/gradle-2.14.1/lib/plugins/snakeyaml-1.6.jar
7f624e1c8000-7f624e1ca000 r--s 00006000 08:02 7483972                    /home/alejo/.gradle/wrapper/dists/gradle-2.14.1-all/4cj8p00t3e5ni9e8iofg8ghvk7/gradle-2.14.1/lib/plugins/jcommander-1.12.jar
7f624e1ca000-7f624e1cf000 r--s 00040000 08:02 7483971                    /home/alejo/.gradle/wrapper/dists/gradle-2.14.1-all/4cj8p00t3e5ni9e8iofg8ghvk7/gradle-2.14.1/lib/plugins/bsh-2.0b4.jar
7f624e1cf000-7f624e1d8000 r--s 00089000 08:02 7483930                    /home/alejo/.gradle/wrapper/dists/gradle-2.14.1-all/4cj8p00t3e5ni9e8iofg8ghvk7/gradle-2.14.1/lib/plugins/testng-6.3.1.jar
7f624e1d8000-7f624e1e0000 r--s 00045000 08:02 7483929                    /home/alejo/.gradle/wrapper/dists/gradle-2.14.1-all/4cj8p00t3e5ni9e8iofg8ghvk7/gradle-2.14.1/lib/plugins/junit-4.12.jar
7f624e1e0000-7f624e1e6000 r--s 0002e000 08:02 7483901                    /home/alejo/.gradle/wrapper/dists/gradle-2.14.1-all/4cj8p00t3e5ni9e8iofg8ghvk7/gradle-2.14.1/lib/plugins/gradle-testing-jvm-2.14.1.jar
7f624e1e6000-7f624e1eb000 r--s 00015000 08:02 7483899                    /home/alejo/.gradle/wrapper/dists/gradle-2.14.1-all/4cj8p00t3e5ni9e8iofg8ghvk7/gradle-2.14.1/lib/plugins/gradle-testing-base-2.14.1.jar
7f624e1eb000-7f624e1ec000 r--s 00002000 08:02 7483923                    /home/alejo/.gradle/wrapper/dists/gradle-2.14.1-all/4cj8p00t3e5ni9e8iofg8ghvk7/gradle-2.14.1/lib/plugins/sonar-batch-bootstrapper-2.9.jar
7f624e1ec000-7f624e1ef000 r--s 00015000 08:02 7483526                    /home/alejo/.gradle/wrapper/dists/gradle-2.14.1-all/4cj8p00t3e5ni9e8iofg8ghvk7/gradle-2.14.1/lib/plugins/gradle-sonar-2.14.1.jar
7f624e1ef000-7f624e1f6000 r--s 00038000 08:02 7483924                    /home/alejo/.gradle/wrapper/dists/gradle-2.14.1-all/4cj8p00t3e5ni9e8iofg8ghvk7/gradle-2.14.1/lib/plugins/bcpg-jdk15on-1.51.jar
7f624e1f6000-7f624e1f8000 r--s 0000d000 08:02 7483527                    /home/alejo/.gradle/wrapper/dists/gradle-2.14.1-all/4cj8p00t3e5ni9e8iofg8ghvk7/gradle-2.14.1/lib/plugins/gradle-signing-2.14.1.jar
7f624e1f8000-7f624e1fb000 r--s 00009000 08:02 7483525                    /home/alejo/.gradle/wrapper/dists/gradle-2.14.1-all/4cj8p00t3e5ni9e8iofg8ghvk7/gradle-2.14.1/lib/plugins/gradle-scala-2.14.1.jar
7f624e1fb000-7f624e1fc000 r--s 00004000 08:02 7483905                    /home/alejo/.gradle/wrapper/dists/gradle-2.14.1-all/4cj8p00t3e5ni9e8iofg8ghvk7/gradle-2.14.1/lib/plugins/gradle-resources-sftp-2.14.1.jar
7f624e1fc000-7f624e20c000 r--s 00088000 08:02 7483940                    /home/alejo/.gradle/wrapper/dists/gradle-2.14.1-all/4cj8p00t3e5ni9e8iofg8ghvk7/gradle-2.14.1/lib/plugins/joda-time-2.8.2.jar
7f624e20c000-7f624e21d000 r--s 000cf000 08:02 7483939                    /home/alejo/.gradle/wrapper/dists/gradle-2.14.1-all/4cj8p00t3e5ni9e8iofg8ghvk7/gradle-2.14.1/lib/plugins/jackson-databind-2.3.2.jar
7f624e21d000-7f624e21f000 r--s 00007000 08:02 7483938                    /home/alejo/.gradle/wrapper/dists/gradle-2.14.1-all/4cj8p00t3e5ni9e8iofg8ghvk7/gradle-2.14.1/lib/plugins/jackson-annotations-2.3.2.jar
7f624e21f000-7f624e222000 r--s 0002e000 08:02 7483937                    /home/alejo/.gradle/wrapper/dists/gradle-2.14.1-all/4cj8p00t3e5ni9e8iofg8ghvk7/gradle-2.14.1/lib/plugins/jackson-core-2.3.2.jar
7f624e222000-7f624e22d000 r--s 0006b000 08:02 7483936                    /home/alejo/.gradle/wrapper/dists/gradle-2.14.1-all/4cj8p00t3e5ni9e8iofg8ghvk7/gradle-2.14.1/lib/plugins/aws-java-sdk-core-1.9.19.jar
7f624e22d000-7f624e233000 r--s 00036000 08:02 7483935                    /home/alejo/.gradle/wrapper/dists/gradle-2.14.1-all/4cj8p00t3e5ni9e8iofg8ghvk7/gradle-2.14.1/lib/plugins/aws-java-sdk-kms-1.9.19.jar
7f624e233000-7f624e23e000 r--s 00079000 08:02 7483934                    /home/alejo/.gradle/wrapper/dists/gradle-2.14.1-all/4cj8p00t3e5ni9e8iofg8ghvk7/gradle-2.14.1/lib/plugins/aws-java-sdk-s3-1.9.19.jar
7f624e23e000-7f624e23f000 r--s 00003000 08:02 7483906                    /home/alejo/.gradle/wrapper/dists/gradle-2.14.1-all/4cj8p00t3e5ni9e8iofg8ghvk7/gradle-2.14.1/lib/plugins/gradle-resources-s3-2.14.1.jar
7f624e23f000-7f624e241000 r--s 00005000 08:02 7483928                    /home/alejo/.gradle/wrapper/dists/gradle-2.14.1-all/4cj8p00t3e5ni9e8iofg8ghvk7/gradle-2.14.1/lib/plugins/jatl-0.2.2.jar
7f624e241000-7f624e243000 r--s 0000f000 08:02 7483631                    /home/alejo/.gradle/wrapper/dists/gradle-2.14.1-all/4cj8p00t3e5ni9e8iofg8ghvk7/gradle-2.14.1/lib/plugins/gradle-reporting-2.14.1.jar
7f624e243000-7f624e245000 r--s 00002000 08:02 7483748                    /home/alejo/.gradle/wrapper/dists/gradle-2.14.1-all/4cj8p00t3e5ni9e8iofg8ghvk7/gradle-2.14.1/lib/plugins/gradle-publish-2.14.1.jar
7f624e245000-7f624e247000 r--s 00009000 08:02 7483910                    /home/alejo/.gradle/wrapper/dists/gradle-2.14.1-all/4cj8p00t3e5ni9e8iofg8ghvk7/gradle-2.14.1/lib/plugins/commons-cli-1.2.jar
7f624e247000-7f624e24d000 r--s 00033000 08:02 7477809                    /home/alejo/.gradle/wrapper/dists/gradle-2.14.1-all/4cj8p00t3e5ni9e8iofg8ghvk7/gradle-2.14.1/lib/plugins/gradle-plugins-2.14.1.jar
7f624e24d000-7f624e24f000 r--s 00007000 08:02 7483902                    /home/alejo/.gradle/wrapper/dists/gradle-2.14.1-all/4cj8p00t3e5ni9e8iofg8ghvk7/gradle-2.14.1/lib/plugins/gradle-plugin-development-2.14.1.jar
7f624e24f000-7f624e255000 r--s 0002a000 08:02 7483895                    /home/alejo/.gradle/wrapper/dists/gradle-2.14.1-all/4cj8p00t3e5ni9e8iofg8ghvk7/gradle-2.14.1/lib/plugins/gradle-platform-play-2.14.1.jar
7f624e255000-7f624e262000 r--s 0004d000 08:02 7483894                    /home/alejo/.gradle/wrapper/dists/gradle-2.14.1-all/4cj8p00t3e5ni9e8iofg8ghvk7/gradle-2.14.1/lib/plugins/gradle-platform-native-2.14.1.jar
7f624e262000-7f624e266000 r--s 0001a000 08:02 7483889                    /home/alejo/.gradle/wrapper/dists/gradle-2.14.1-all/4cj8p00t3e5ni9e8iofg8ghvk7/gradle-2.14.1/lib/plugins/gradle-platform-jvm-2.14.1.jar
7f624e266000-7f624e26d000 r--s 00029000 08:02 7483888                    /home/alejo/.gradle/wrapper/dists/gradle-2.14.1-all/4cj8p00t3e5ni9e8iofg8ghvk7/gradle-2.14.1/lib/plugins/gradle-platform-base-2.14.1.jar
7f624e26d000-7f624e28e000 r--s 001c3000 08:02 7483918                    /home/alejo/.gradle/wrapper/dists/gradle-2.14.1-all/4cj8p00t3e5ni9e8iofg8ghvk7/gradle-2.14.1/lib/plugins/bndlib-2.4.0.jar
7f624e28e000-7f624e290000 r--s 00003000 08:02 7478144                    /home/alejo/.gradle/wrapper/dists/gradle-2.14.1-all/4cj8p00t3e5ni9e8iofg8ghvk7/gradle-2.14.1/lib/plugins/gradle-osgi-2.14.1.jar
7f624e290000-7f624e293000 r--s 0000c000 08:02 7483921                    /home/alejo/.gradle/wrapper/dists/gradle-2.14.1-all/4cj8p00t3e5ni9e8iofg8ghvk7/gradle-2.14.1/lib/plugins/pmaven-groovy-0.8-20100325.jar
7f624e293000-7f624e294000 r--s 00004000 08:02 7483920                    /home/alejo/.gradle/wrapper/dists/gradle-2.14.1-all/4cj8p00t3e5ni9e8iofg8ghvk7/gradle-2.14.1/lib/plugins/pmaven-common-0.8-20100325.jar
7f624e294000-7f624e29a000 r--s 00022000 08:02 7479968                    /home/alejo/.gradle/wrapper/dists/gradle-2.14.1-all/4cj8p00t3e5ni9e8iofg8ghvk7/gradle-2.14.1/lib/plugins/gradle-maven-2.14.1.jar
7f624e29a000-7f624e29c000 r--s 0000a000 08:02 7483893                    /home/alejo/.gradle/wrapper/dists/gradle-2.14.1-all/4cj8p00t3e5ni9e8iofg8ghvk7/gradle-2.14.1/lib/plugins/gradle-language-scala-2.14.1.jar
7f624e29c000-7f624e2a2000 r--s 0001a000 08:02 7483897                    /home/alejo/.gradle/wrapper/dists/gradle-2.14.1-all/4cj8p00t3e5ni9e8iofg8ghvk7/gradle-2.14.1/lib/plugins/gradle-language-native-2.14.1.jar
7f624e2a2000-7f624e2a4000 r--s 00008000 08:02 7483890                    /home/alejo/.gradle/wrapper/dists/gradle-2.14.1-all/4cj8p00t3e5ni9e8iofg8ghvk7/gradle-2.14.1/lib/plugins/gradle-language-jvm-2.14.1.jar
7f624e2a4000-7f624e2aa000 r--s 00024000 08:02 7483891                    /home/alejo/.gradle/wrapper/dists/gradle-2.14.1-all/4cj8p00t3e5ni9e8iofg8ghvk7/gradle-2.14.1/lib/plugins/gradle-language-java-2.14.1.jar
7f624e2aa000-7f624e2ac000 r--s 0000a000 08:02 7483892                    /home/alejo/.gradle/wrapper/dists/gradle-2.14.1-all/4cj8p00t3e5ni9e8iofg8ghvk7/gradle-2.14.1/lib/plugins/gradle-language-groovy-2.14.1.jar
7f624e2ac000-7f624e2af000 r--s 0001e000 08:02 7483946                    /home/alejo/.gradle/wrapper/dists/gradle-2.14.1-all/4cj8p00t3e5ni9e8iofg8ghvk7/gradle-2.14.1/lib/plugins/jsp-api-2.1-6.1.14.jar
7f624e2af000-7f624e2d2000 r--s 00344000 08:02 7483945                    /home/alejo/.gradle/wrapper/dists/gradle-2.14.1-all/4cj8p00t3e5ni9e8iofg8ghvk7/gradle-2.14.1/lib/plugins/core-3.1.1.jar
7f624e2d2000-7f624e2d3000 r--s 00006000 08:02 7483944                    /home/alejo/.gradle/wrapper/dists/gradle-2.14.1-all/4cj8p00t3e5ni9e8iofg8ghvk7/gradle-2.14.1/lib/plugins/jetty-naming-6.1.25.jar
7f624e2d3000-7f624e2d4000 r--s 00002000 08:02 7483917                    /home/alejo/.gradle/wrapper/dists/gradle-2.14.1-all/4cj8p00t3e5ni9e8iofg8ghvk7/gradle-2.14.1/lib/plugins/geronimo-annotation_1.0_spec-1.0.jar
7f624e2d4000-7f624e2d6000 r--s 00002000 08:02 7483916                    /home/alejo/.gradle/wrapper/dists/gradle-2.14.1-all/4cj8p00t3e5ni9e8iofg8ghvk7/gradle-2.14.1/lib/plugins/jetty-annotations-6.1.25.jar
7f624e2d6000-7f624e2e7000 r--s 000ea000 08:02 7483915                    /home/alejo/.gradle/wrapper/dists/gradle-2.14.1-all/4cj8p00t3e5ni9e8iofg8ghvk7/gradle-2.14.1/lib/plugins/jsp-2.1-6.1.14.jar
7f624e2e7000-7f624e2e9000 r--s 0000d000 08:02 7483914                    /home/alejo/.gradle/wrapper/dists/gradle-2.14.1-all/4cj8p00t3e5ni9e8iofg8ghvk7/gradle-2.14.1/lib/plugins/jetty-plus-6.1.25.jar
7f624e2e9000-7f624e2eb000 r--s 0001f000 08:02 7483913                    /home/alejo/.gradle/wrapper/dists/gradle-2.14.1-all/4cj8p00t3e5ni9e8iofg8ghvk7/gradle-2.14.1/lib/plugins/servlet-api-2.5-20081211.jar
7f624e2eb000-7f624e2ef000 r--s 00028000 08:02 7483912                    /home/alejo/.gradle/wrapper/dists/gradle-2.14.1-all/4cj8p00t3e5ni9e8iofg8ghvk7/gradle-2.14.1/lib/plugins/jetty-util-6.1.25.jar
7f624e2ef000-7f624e2f6000 r--s 0007d000 08:02 7483911                    /home/alejo/.gradle/wrapper/dists/gradle-2.14.1-all/4cj8p00t3e5ni9e8iofg8ghvk7/gradle-2.14.1/lib/plugins/jetty-6.1.25.jar
7f624e2f6000-7f624e2f8000 r--s 00009000 08:02 7478010                    /home/alejo/.gradle/wrapper/dists/gradle-2.14.1-all/4cj8p00t3e5ni9e8iofg8ghvk7/gradle-2.14.1/lib/plugins/gradle-jetty-2.14.1.jar
7f624e2f8000-7f624e2ff000 r--s 00035000 08:02 7483927                    /home/alejo/.gradle/wrapper/dists/gradle-2.14.1-all/4cj8p00t3e5ni9e8iofg8ghvk7/gradle-2.14.1/lib/plugins/simple-4.1.21.jar
7f624e2ff000-7f624e30b000 r--s 00100000 08:02 7483925                    /home/alejo/.gradle/wrapper/dists/gradle-2.14.1-all/4cj8p00t3e5ni9e8iofg8ghvk7/gradle-2.14.1/lib/plugins/rhino-1.7R3.jar
7f624e30b000-7f624e30f000 r--s 00011000 08:02 7483529                    /home/alejo/.gradle/wrapper/dists/gradle-2.14.1-all/4cj8p00t3e5ni9e8iofg8ghvk7/gradle-2.14.1/lib/plugins/gradle-javascript-2.14.1.jar
7f624e30f000-7f624e311000 r--s 0000c000 08:02 7483794                    /home/alejo/.gradle/wrapper/dists/gradle-2.14.1-all/4cj8p00t3e5ni9e8iofg8ghvk7/gradle-2.14.1/lib/plugins/gradle-jacoco-2.14.1.jar
7f624e311000-7f624e314000 r--s 0000e000 08:02 7483793                    /home/alejo/.gradle/wrapper/dists/gradle-2.14.1-all/4cj8p00t3e5ni9e8iofg8ghvk7/gradle-2.14.1/lib/plugins/gradle-ivy-2.14.1.jar
7f624e314000-7f624e315000 r--s 00002000 08:02 7483896                    /home/alejo/.gradle/wrapper/dists/gradle-2.14.1-all/4cj8p00t3e5ni9e8iofg8ghvk7/gradle-2.14.1/lib/plugins/gradle-ide-play-2.14.1.jar
7f624e315000-7f624e31a000 r--s 0002b000 08:02 7483898                    /home/alejo/.gradle/wrapper/dists/gradle-2.14.1-all/4cj8p00t3e5ni9e8iofg8ghvk7/gradle-2.14.1/lib/plugins/gradle-ide-native-2.14.1.jar
7f624e31a000-7f624e325000 r--s 00066000 08:02 7483523                    /home/alejo/.gradle/wrapper/dists/gradle-2.14.1-all/4cj8p00t3e5ni9e8iofg8ghvk7/gradle-2.14.1/lib/plugins/gradle-ide-2.14.1.jar
7f624e325000-7f624e326000 r--s 00008000 08:02 7483528                    /home/alejo/.gradle/wrapper/dists/gradle-2.14.1-all/4cj8p00t3e5ni9e8iofg8ghvk7/gradle-2.14.1/lib/plugins/gradle-ear-2.14.1.jar
7f624e326000-7f624e32c000 r--s 00032000 08:02 7483630                    /home/alejo/.gradle/wrapper/dists/gradle-2.14.1-all/4cj8p00t3e5ni9e8iofg8ghvk7/gradle-2.14.1/lib/plugins/gradle-diagnostics-2.14.1.jar
7f624e32c000-7f624e330000 r--s 00021000 08:02 7477814                    /home/alejo/.gradle/wrapper/dists/gradle-2.14.1-all/4cj8p00t3e5ni9e8iofg8ghvk7/gradle-2.14.1/lib/plugins/gradle-code-quality-2.14.1.jar
7f624e330000-7f624e334000 r--s 0001f000 08:02 7483887                    /home/alejo/.gradle/wrapper/dists/gradle-2.14.1-all/4cj8p00t3e5ni9e8iofg8ghvk7/gradle-2.14.1/lib/plugins/gradle-build-init-2.14.1.jar
7f624e334000-7f624e33b000 r--s 0008e000 08:02 7483629                    /home/alejo/.gradle/wrapper/dists/gradle-2.14.1-all/4cj8p00t3e5ni9e8iofg8ghvk7/gradle-2.14.1/lib/plugins/gradle-build-comparison-2.14.1.jar
7f624e33b000-7f624e33d000 r--s 00008000 08:02 7478011                    /home/alejo/.gradle/wrapper/dists/gradle-2.14.1-all/4cj8p00t3e5ni9e8iofg8ghvk7/gradle-2.14.1/lib/plugins/gradle-antlr-2.14.1.jar
7f624e33d000-7f624e33f000 r--s 00004000 08:02 7483524                    /home/alejo/.gradle/wrapper/dists/gradle-2.14.1-all/4cj8p00t3e5ni9e8iofg8ghvk7/gradle-2.14.1/lib/plugins/gradle-announce-2.14.1.jar
7f624e33f000-7f624e357000 r--s 00115000 08:02 7483976                    /home/alejo/.gradle/wrapper/dists/gradle-2.14.1-all/4cj8p00t3e5ni9e8iofg8ghvk7/gradle-2.14.1/lib/plugins/xercesImpl-2.9.1.jar
7f624e357000-7f624e35f000 r--s 00028000 08:02 7483977                    /home/alejo/.gradle/wrapper/dists/gradle-2.14.1-all/4cj8p00t3e5ni9e8iofg8ghvk7/gradle-2.14.1/lib/plugins/xml-apis-1.3.04.jar
7f624e35f000-7f624e365000 r--s 0005b000 08:02 7483975                    /home/alejo/.gradle/wrapper/dists/gradle-2.14.1-all/4cj8p00t3e5ni9e8iofg8ghvk7/gradle-2.14.1/lib/plugins/jcifs-1.3.17.jar
7f624e365000-7f624e36c000 r--s 00049000 08:02 7483974                    /home/alejo/.gradle/wrapper/dists/gradle-2.14.1-all/4cj8p00t3e5ni9e8iofg8ghvk7/gradle-2.14.1/lib/plugins/httpcore-4.4.4.jar
7f624e36c000-7f624e372000 r--s 00033000 08:02 7483922                    /home/alejo/.gradle/wrapper/dists/gradle-2.14.1-all/4cj8p00t3e5ni9e8iofg8ghvk7/gradle-2.14.1/lib/plugins/commons-codec-1.6.jar
7f624e372000-7f624e375000 r--s 0001c000 08:02 7483932                    /home/alejo/.gradle/wrapper/dists/gradle-2.14.1-all/4cj8p00t3e5ni9e8iofg8ghvk7/gradle-2.14.1/lib/plugins/nekohtml-1.9.14.jar
7f624e375000-7f624e382000 r--s 000a4000 08:02 7483931                    /home/alejo/.gradle/wrapper/dists/gradle-2.14.1-all/4cj8p00t3e5ni9e8iofg8ghvk7/gradle-2.14.1/lib/plugins/httpclient-4.4.1.jar
7f624e382000-7f624e384000 r--s 0000a000 08:02 7483904                    /home/alejo/.gradle/wrapper/dists/gradle-2.14.1-all/4cj8p00t3e5ni9e8iofg8ghvk7/gradle-2.14.1/lib/plugins/gradle-resources-http-2.14.1.jar
7f624e384000-7f624e388000 r--s 00014000 08:02 7483903                    /home/alejo/.gradle/wrapper/dists/gradle-2.14.1-all/4cj8p00t3e5ni9e8iofg8ghvk7/gradle-2.14.1/lib/plugins/gradle-plugin-use-2.14.1.jar
7f624e388000-7f624e389000 r--s 00000000 08:02 7341009                    /home/alejo/.gradle/wrapper/dists/gradle-2.14.1-all/4cj8p00t3e5ni9e8iofg8ghvk7/gradle-2.14.1/lib/gradle-installation-beacon-2.14.1.jar
7f624e389000-7f624e38a000 r--s 00007000 08:02 7483970                    /home/alejo/.gradle/wrapper/dists/gradle-2.14.1-all/4cj8p00t3e5ni9e8iofg8ghvk7/gradle-2.14.1/lib/plugins/wagon-http-shared4-2.4.jar
7f624e38a000-7f624e38e000 r--s 00033000 08:02 7483969                    /home/alejo/.gradle/wrapper/dists/gradle-2.14.1-all/4cj8p00t3e5ni9e8iofg8ghvk7/gradle-2.14.1/lib/plugins/plexus-utils-2.0.6.jar
7f624e38e000-7f624e392000 r--s 00021000 08:02 7483968                    /home/alejo/.gradle/wrapper/dists/gradle-2.14.1-all/4cj8p00t3e5ni9e8iofg8ghvk7/gradle-2.14.1/lib/plugins/maven-model-builder-3.0.4.jar
7f624e392000-7f624e393000 r--s 00002000 08:02 7483967                    /home/alejo/.gradle/wrapper/dists/gradle-2.14.1-all/4cj8p00t3e5ni9e8iofg8ghvk7/gradle-2.14.1/lib/plugins/wagon-file-2.4.jar
7f624e393000-7f624e395000 r--s 00002000 08:02 7483966                    /home/alejo/.gradle/wrapper/dists/gradle-2.14.1-all/4cj8p00t3e5ni9e8iofg8ghvk7/gradle-2.14.1/lib/plugins/plexus-cipher-1.7.jar
7f624e395000-7f624e398000 r--s 00013000 08:02 7483965                    /home/alejo/.gradle/wrapper/dists/gradle-2.14.1-all/4cj8p00t3e5ni9e8iofg8ghvk7/gradle-2.14.1/lib/plugins/aether-api-1.13.1.jar
7f624e398000-7f624e39a000 r--s 0000a000 08:02 7483964                    /home/alejo/.gradle/wrapper/dists/gradle-2.14.1-all/4cj8p00t3e5ni9e8iofg8ghvk7/gradle-2.14.1/lib/plugins/maven-settings-3.0.4.jar
7f624e39a000-7f624e39c000 r--s 0000d000 08:02 7483963                    /home/alejo/.gradle/wrapper/dists/gradle-2.14.1-all/4cj8p00t3e5ni9e8iofg8ghvk7/gradle-2.14.1/lib/plugins/plexus-interpolation-1.14.jar
7f624e39c000-7f624e39e000 r--s 0000b000 08:02 7483962                    /home/alejo/.gradle/wrapper/dists/gradle-2.14.1-all/4cj8p00t3e5ni9e8iofg8ghvk7/gradle-2.14.1/lib/plugins/maven-artifact-3.0.4.jar
7f624e39e000-7f624e3a5000 r--s 0002e000 08:02 7483961                    /home/alejo/.gradle/wrapper/dists/gradle-2.14.1-all/4cj8p00t3e5ni9e8iofg8ghvk7/gradle-2.14.1/lib/plugins/plexus-container-default-1.5.5.jar
7f624e3a5000-7f624e3a7000 r--s 0000b000 08:02 7483960                    /home/alejo/.gradle/wrapper/dists/gradle-2.14.1-all/4cj8p00t3e5ni9e8iofg8ghvk7/gradle-2.14.1/lib/plugins/maven-plugin-api-3.0.4.jar
7f624e3a7000-7f624e3a9000 r--s 00000000 08:02 7483978                    /home/alejo/.gradle/wrapper/dists/gradle-2.14.1-all/4cj8p00t3e5ni9e8iofg8ghvk7/gradle-2.14.1/lib/plugins/plexus-component-annotations-1.5.5.jar
7f624e3a9000-7f624e3af000 r--s 0003f000 08:02 7483959                    /home/alejo/.gradle/wrapper/dists/gradle-2.14.1-all/4cj8p00t3e5ni9e8iofg8ghvk7/gradle-2.14.1/lib/plugins/maven-compat-3.0.4.jar
7f624e3af000-7f624e3b2000 r--s 00008000 08:02 7483958                    /home/alejo/.gradle/wrapper/dists/gradle-2.14.1-all/4cj8p00t3e5ni9e8iofg8ghvk7/gradle-2.14.1/lib/plugins/maven-settings-builder-3.0.4.jar
7f624e3b2000-7f624e3b3000 r--s 00002000 08:02 7483957                    /home/alejo/.gradle/wrapper/dists/gradle-2.14.1-all/4cj8p00t3e5ni9e8iofg8ghvk7/gradle-2.14.1/lib/plugins/wagon-http-2.4.jar
7f624e3b3000-7f624e3b5000 r--s 00026000 08:02 7483956                    /home/alejo/.gradle/wrapper/dists/gradle-2.14.1-all/4cj8p00t3e5ni9e8iofg8ghvk7/gradle-2.14.1/lib/plugins/maven-model-3.0.4.jar
7f624e3b5000-7f624e3b7000 r--s 00006000 08:02 7483955                    /home/alejo/.gradle/wrapper/dists/gradle-2.14.1-all/4cj8p00t3e5ni9e8iofg8ghvk7/gradle-2.14.1/lib/plugins/aether-connector-wagon-1.13.1.jar
7f624e3b7000-7f624e3b9000 r--s 0000a000 08:02 7483954                    /home/alejo/.gradle/wrapper/dists/gradle-2.14.1-all/4cj8p00t3e5ni9e8iofg8ghvk7/gradle-2.14.1/lib/plugins/plexus-classworlds-2.4.jar
7f624e3b9000-7f624e3bb000 r--s 00006000 08:02 7483953                    /home/alejo/.gradle/wrapper/dists/gradle-2.14.1-all/4cj8p00t3e5ni9e8iofg8ghvk7/gradle-2.14.1/lib/plugins/maven-repository-metadata-3.0.4.jar
7f624e3bb000-7f624e3bd000 r--s 0000c000 08:02 7483952                    /home/alejo/.gradle/wrapper/dists/gradle-2.14.1-all/4cj8p00t3e5ni9e8iofg8ghvk7/gradle-2.14.1/lib/plugins/maven-aether-provider-3.0.4.jar
7f624e3bd000-7f624e3bf000 r--s 0000b000 08:02 7483951                    /home/alejo/.gradle/wrapper/dists/gradle-2.14.1-all/4cj8p00t3e5ni9e8iofg8ghvk7/gradle-2.14.1/lib/plugins/wagon-provider-api-2.4.jar
7f624e3bf000-7f624e3c0000 r--s 00003000 08:02 7483950                    /home/alejo/.gradle/wrapper/dists/gradle-2.14.1-all/4cj8p00t3e5ni9e8iofg8ghvk7/gradle-2.14.1/lib/plugins/aether-spi-1.13.1.jar
7f624e3c0000-7f624e3c4000 r--s 0001c000 08:02 7483949                    /home/alejo/.gradle/wrapper/dists/gradle-2.14.1-all/4cj8p00t3e5ni9e8iofg8ghvk7/gradle-2.14.1/lib/plugins/aether-util-1.13.1.jar
7f624e3c4000-7f624e3c7000 r--s 0001d000 08:02 7483948                    /home/alejo/.gradle/wrapper/dists/gradle-2.14.1-all/4cj8p00t3e5ni9e8iofg8ghvk7/gradle-2.14.1/lib/plugins/aether-impl-1.13.1.jar
7f624e3c7000-7f624e3c8000 r--s 00006000 08:02 7483947                    /home/alejo/.gradle/wrapper/dists/gradle-2.14.1-all/4cj8p00t3e5ni9e8iofg8ghvk7/gradle-2.14.1/lib/plugins/plexus-sec-dispatcher-1.3.jar
7f624e3c8000-7f624e3cd000 r--s 00040000 08:02 7483933                    /home/alejo/.gradle/wrapper/dists/gradle-2.14.1-all/4cj8p00t3e5ni9e8iofg8ghvk7/gradle-2.14.1/lib/plugins/jsch-0.1.53.jar
7f624e3cd000-7f624e40d000 r--s 00277000 08:02 7483943                    /home/alejo/.gradle/wrapper/dists/gradle-2.14.1-all/4cj8p00t3e5ni9e8iofg8ghvk7/gradle-2.14.1/lib/plugins/bcprov-jdk15on-1.51.jar
7f624e40d000-7f624e411000 r--s 0001d000 08:02 7483942                    /home/alejo/.gradle/wrapper/dists/gradle-2.14.1-all/4cj8p00t3e5ni9e8iofg8ghvk7/gradle-2.14.1/lib/plugins/xbean-reflect-3.4.jar
7f624e411000-7f624e41d000 r--s 0007d000 08:02 7483919                    /home/alejo/.gradle/wrapper/dists/gradle-2.14.1-all/4cj8p00t3e5ni9e8iofg8ghvk7/gradle-2.14.1/lib/plugins/maven-core-3.0.4.jar
7f624e41d000-7f624e422000 r--s 0002a000 08:02 7483926                    /home/alejo/.gradle/wrapper/dists/gradle-2.14.1-all/4cj8p00t3e5ni9e8iofg8ghvk7/gradle-2.14.1/lib/plugins/gson-2.2.4.jar
7f624e422000-7f624e431000 r--s 000d9000 08:02 7483941                    /home/alejo/.gradle/wrapper/dists/gradle-2.14.1-all/4cj8p00t3e5ni9e8iofg8ghvk7/gradle-2.14.1/lib/plugins/ivy-2.2.0.jar
7f624e431000-7f624e44d000 r--s 000d3000 08:02 7483908                    /home/alejo/.gradle/wrapper/dists/gradle-2.14.1-all/4cj8p00t3e5ni9e8iofg8ghvk7/gradle-2.14.1/lib/plugins/gradle-dependency-management-2.14.1.jar
7f624e44d000-7f624e451000 r-xp 00000000 08:02 5001173                    /home/alejo/.gradle/native/19/linux-amd64/libnative-platform.so
7f624e451000-7f624e650000 ---p 00004000 08:02 5001173                    /home/alejo/.gradle/native/19/linux-amd64/libnative-platform.so
7f624e650000-7f624e651000 rw-p 00003000 08:02 5001173                    /home/alejo/.gradle/native/19/linux-amd64/libnative-platform.so
7f624e651000-7f624e662000 r-xp 00000000 08:02 3809171                    /usr/lib/jvm/java-8-openjdk-amd64/jre/lib/amd64/libnio.so
7f624e662000-7f624e862000 ---p 00011000 08:02 3809171                    /usr/lib/jvm/java-8-openjdk-amd64/jre/lib/amd64/libnio.so
7f624e862000-7f624e863000 r--p 00011000 08:02 3809171                    /usr/lib/jvm/java-8-openjdk-amd64/jre/lib/amd64/libnio.so
7f624e863000-7f624e864000 rw-p 00012000 08:02 3809171                    /usr/lib/jvm/java-8-openjdk-amd64/jre/lib/amd64/libnio.so
7f624e864000-7f624eb65000 rw-p 00000000 00:00 0 
7f624eb65000-7f624eb7c000 r-xp 00000000 08:02 3809145                    /usr/lib/jvm/java-8-openjdk-amd64/jre/lib/amd64/libnet.so
7f624eb7c000-7f624ed7b000 ---p 00017000 08:02 3809145                    /usr/lib/jvm/java-8-openjdk-amd64/jre/lib/amd64/libnet.so
7f624ed7b000-7f624ed7c000 r--p 00016000 08:02 3809145                    /usr/lib/jvm/java-8-openjdk-amd64/jre/lib/amd64/libnet.so
7f624ed7c000-7f624ed7d000 rw-p 00017000 08:02 3809145                    /usr/lib/jvm/java-8-openjdk-amd64/jre/lib/amd64/libnet.so
7f624ed7d000-7f624ed7f000 r--s 00005000 08:02 7341008                    /home/alejo/.gradle/wrapper/dists/gradle-2.14.1-all/4cj8p00t3e5ni9e8iofg8ghvk7/gradle-2.14.1/lib/gradle-wrapper-2.14.1.jar
7f624ed7f000-7f624ed8d000 r--s 0004f000 08:02 7341015                    /home/alejo/.gradle/wrapper/dists/gradle-2.14.1-all/4cj8p00t3e5ni9e8iofg8ghvk7/gradle-2.14.1/lib/gradle-tooling-api-2.14.1.jar
7f624ed8d000-7f624ed8f000 r--s 00002000 08:02 7341035                    /home/alejo/.gradle/wrapper/dists/gradle-2.14.1-all/4cj8p00t3e5ni9e8iofg8ghvk7/gradle-2.14.1/lib/gradle-open-api-2.14.1.jar
7f624ed8f000-7f624ed95000 r--s 00032000 08:02 7341037                    /home/alejo/.gradle/wrapper/dists/gradle-2.14.1-all/4cj8p00t3e5ni9e8iofg8ghvk7/gradle-2.14.1/lib/jaxen-1.1.jar
7f624ed95000-7f624ed9a000 r--s 00048000 08:02 7341036                    /home/alejo/.gradle/wrapper/dists/gradle-2.14.1-all/4cj8p00t3e5ni9e8iofg8ghvk7/gradle-2.14.1/lib/dom4j-1.6.1.jar
7f624ed9a000-7f624eda5000 r--s 00059000 08:02 7341014                    /home/alejo/.gradle/wrapper/dists/gradle-2.14.1-all/4cj8p00t3e5ni9e8iofg8ghvk7/gradle-2.14.1/lib/gradle-ui-2.14.1.jar
7f624eda5000-7f624eda8000 r--s 0000b000 08:02 7341033                    /home/alejo/.gradle/wrapper/dists/gradle-2.14.1-all/4cj8p00t3e5ni9e8iofg8ghvk7/gradle-2.14.1/lib/gradle-resources-2.14.1.jar
7f624eda8000-7f624edaa000 r--s 00003000 08:02 7341045                    /home/alejo/.gradle/wrapper/dists/gradle-2.14.1-all/4cj8p00t3e5ni9e8iofg8ghvk7/gradle-2.14.1/lib/jcl-over-slf4j-1.7.10.jar
7f624edaa000-7f624edab000 r--s 00005000 08:02 7341044                    /home/alejo/.gradle/wrapper/dists/gradle-2.14.1-all/4cj8p00t3e5ni9e8iofg8ghvk7/gradle-2.14.1/lib/log4j-over-slf4j-1.7.10.jar
7f624edab000-7f624edad000 r--s 00000000 08:02 7341043                    /home/alejo/.gradle/wrapper/dists/gradle-2.14.1-all/4cj8p00t3e5ni9e8iofg8ghvk7/gradle-2.14.1/lib/jul-to-slf4j-1.7.10.jar
7f624edad000-7f624edb2000 r--s 0001c000 08:02 7341032                    /home/alejo/.gradle/wrapper/dists/gradle-2.14.1-all/4cj8p00t3e5ni9e8iofg8ghvk7/gradle-2.14.1/lib/gradle-logging-2.14.1.jar
7f624edb2000-7f624edb4000 r--s 00007000 08:02 7341056                    /home/alejo/.gradle/wrapper/dists/gradle-2.14.1-all/4cj8p00t3e5ni9e8iofg8ghvk7/gradle-2.14.1/lib/objenesis-1.2.jar
7f624edb4000-7f624edb6000 r--s 00000000 08:02 7341055                    /home/alejo/.gradle/wrapper/dists/gradle-2.14.1-all/4cj8p00t3e5ni9e8iofg8ghvk7/gradle-2.14.1/lib/minlog-1.2.jar
7f624edb6000-7f624edb8000 r--s 0000f000 08:02 7341054                    /home/alejo/.gradle/wrapper/dists/gradle-2.14.1-all/4cj8p00t3e5ni9e8iofg8ghvk7/gradle-2.14.1/lib/reflectasm-1.07-shaded.jar
7f624edb8000-7f624edbc000 r--s 00026000 08:02 7341042                    /home/alejo/.gradle/wrapper/dists/gradle-2.14.1-all/4cj8p00t3e5ni9e8iofg8ghvk7/gradle-2.14.1/lib/kryo-2.20.jar
7f624edbc000-7f624edc2000 r--s 00025000 08:02 7341031                    /home/alejo/.gradle/wrapper/dists/gradle-2.14.1-all/4cj8p00t3e5ni9e8iofg8ghvk7/gradle-2.14.1/lib/gradle-messaging-2.14.1.jar
7f624edc2000-7f624edc3000 r--s 00003000 08:02 7341053                    /home/alejo/.gradle/wrapper/dists/gradle-2.14.1-all/4cj8p00t3e5ni9e8iofg8ghvk7/gradle-2.14.1/lib/native-platform-freebsd-amd64-0.10.jar
7f624edc3000-7f624edc4000 r--s 00003000 08:02 7341052                    /home/alejo/.gradle/wrapper/dists/gradle-2.14.1-all/4cj8p00t3e5ni9e8iofg8ghvk7/gradle-2.14.1/lib/native-platform-freebsd-i386-0.10.jar
7f624edc4000-7f624edc5000 r--s 00005000 08:02 7341051                    /home/alejo/.gradle/wrapper/dists/gradle-2.14.1-all/4cj8p00t3e5ni9e8iofg8ghvk7/gradle-2.14.1/lib/native-platform-windows-i386-0.10.jar
7f624edc5000-7f624edc6000 r--s 00005000 08:02 7341050                    /home/alejo/.gradle/wrapper/dists/gradle-2.14.1-all/4cj8p00t3e5ni9e8iofg8ghvk7/gradle-2.14.1/lib/native-platform-windows-amd64-0.10.jar
7f624edc6000-7f624edc7000 r--s 00003000 08:02 7341049                    /home/alejo/.gradle/wrapper/dists/gradle-2.14.1-all/4cj8p00t3e5ni9e8iofg8ghvk7/gradle-2.14.1/lib/native-platform-linux-i386-0.10.jar
7f624edc7000-7f624edc8000 r--s 00003000 08:02 7341048                    /home/alejo/.gradle/wrapper/dists/gradle-2.14.1-all/4cj8p00t3e5ni9e8iofg8ghvk7/gradle-2.14.1/lib/native-platform-linux-amd64-0.10.jar
7f624edc8000-7f624edc9000 r--s 00002000 08:02 7341047                    /home/alejo/.gradle/wrapper/dists/gradle-2.14.1-all/4cj8p00t3e5ni9e8iofg8ghvk7/gradle-2.14.1/lib/native-platform-osx-amd64-0.10.jar
7f624edc9000-7f624edca000 r--s 00002000 08:02 7341046                    /home/alejo/.gradle/wrapper/dists/gradle-2.14.1-all/4cj8p00t3e5ni9e8iofg8ghvk7/gradle-2.14.1/lib/native-platform-osx-i386-0.10.jar
7f624edca000-7f624edcc000 r--s 00008000 08:02 7341040                    /home/alejo/.gradle/wrapper/dists/gradle-2.14.1-all/4cj8p00t3e5ni9e8iofg8ghvk7/gradle-2.14.1/lib/jansi-1.2.1.jar
7f624edcc000-7f624edcf000 r--s 0000d000 08:02 7341039                    /home/alejo/.gradle/wrapper/dists/gradle-2.14.1-all/4cj8p00t3e5ni9e8iofg8ghvk7/gradle-2.14.1/lib/native-platform-0.10.jar
7f624edcf000-7f624edd3000 r--s 000e4000 08:02 7341038                    /home/alejo/.gradle/wrapper/dists/gradle-2.14.1-all/4cj8p00t3e5ni9e8iofg8ghvk7/gradle-2.14.1/lib/jna-3.2.7.jar
7f624edd3000-7f624edd5000 r--s 00009000 08:02 7341016                    /home/alejo/.gradle/wrapper/dists/gradle-2.14.1-all/4cj8p00t3e5ni9e8iofg8ghvk7/gradle-2.14.1/lib/gradle-native-2.14.1.jar
7f624edd5000-7f624edd7000 r--s 00005000 08:02 7341013                    /home/alejo/.gradle/wrapper/dists/gradle-2.14.1-all/4cj8p00t3e5ni9e8iofg8ghvk7/gradle-2.14.1/lib/gradle-cli-2.14.1.jar
7f624edd7000-7f624edd9000 r--s 00007000 08:02 7341023                    /home/alejo/.gradle/wrapper/dists/gradle-2.14.1-all/4cj8p00t3e5ni9e8iofg8ghvk7/gradle-2.14.1/lib/gradle-model-groovy-2.14.1.jar
7f624edd9000-7f624ede8000 r--s 00080000 08:02 7341022                    /home/alejo/.gradle/wrapper/dists/gradle-2.14.1-all/4cj8p00t3e5ni9e8iofg8ghvk7/gradle-2.14.1/lib/gradle-model-core-2.14.1.jar
7f624ede8000-7f624edec000 r--s 00027000 08:02 7341027                    /home/alejo/.gradle/wrapper/dists/gradle-2.14.1-all/4cj8p00t3e5ni9e8iofg8ghvk7/gradle-2.14.1/lib/commons-io-2.2.jar
7f624edec000-7f624edf9000 r--s 00083000 08:02 7341026                    /home/alejo/.gradle/wrapper/dists/gradle-2.14.1-all/4cj8p00t3e5ni9e8iofg8ghvk7/gradle-2.14.1/lib/commons-collections-3.2.2.jar
7f624edf9000-7f624ee68000 r--s 0063e000 08:02 7341021                    /home/alejo/.gradle/wrapper/dists/gradle-2.14.1-all/4cj8p00t3e5ni9e8iofg8ghvk7/gradle-2.14.1/lib/groovy-all-2.4.4.jar
7f624ee68000-7f624ee90000 r--s 001cf000 08:02 7341018                    /home/alejo/.gradle/wrapper/dists/gradle-2.14.1-all/4cj8p00t3e5ni9e8iofg8ghvk7/gradle-2.14.1/lib/guava-jdk5-17.0.jar
7f624ee90000-7f624eeaf000 r--s 001d1000 08:02 7341025                    /home/alejo/.gradle/wrapper/dists/gradle-2.14.1-all/4cj8p00t3e5ni9e8iofg8ghvk7/gradle-2.14.1/lib/ant-1.9.6.jar
7f624eeaf000-7f624eeb0000 ---p 00000000 00:00 0 
7f624eeb0000-7f624efb0000 rw-p 00000000 00:00 0 
7f624efb0000-7f624efb3000 ---p 00000000 00:00 0 
7f624efb3000-7f624f0b1000 rw-p 00000000 00:00 0 
7f624f0b1000-7f624f0b4000 ---p 00000000 00:00 0 
7f624f0b4000-7f624f1b2000 rw-p 00000000 00:00 0 
7f624f1b2000-7f624f1b5000 ---p 00000000 00:00 0 
7f624f1b5000-7f624f2b3000 rw-p 00000000 00:00 0 
7f624f2b3000-7f624f800000 r--p 00000000 08:02 3801524                    /usr/lib/locale/locale-archive
7f624f800000-7f6250000000 rw-p 00000000 00:00 0 
7f6250000000-7f62500e1000 rw-p 00000000 00:00 0 
7f62500e1000-7f6254000000 ---p 00000000 00:00 0 
7f6254000000-7f6254001000 r--s 00006000 08:02 7341030                    /home/alejo/.gradle/wrapper/dists/gradle-2.14.1-all/4cj8p00t3e5ni9e8iofg8ghvk7/gradle-2.14.1/lib/gradle-base-services-groovy-2.14.1.jar
7f6254001000-7f6254002000 r--s 00002000 08:02 7341034                    /home/alejo/.gradle/wrapper/dists/gradle-2.14.1-all/4cj8p00t3e5ni9e8iofg8ghvk7/gradle-2.14.1/lib/gradle-docs-2.14.1.jar
7f6254002000-7f6254003000 r--s 00000000 08:02 7341029                    /home/alejo/.gradle/wrapper/dists/gradle-2.14.1-all/4cj8p00t3e5ni9e8iofg8ghvk7/gradle-2.14.1/lib/javax.inject-1.jar
7f6254003000-7f6254008000 r--s 00038000 08:02 7341024                    /home/alejo/.gradle/wrapper/dists/gradle-2.14.1-all/4cj8p00t3e5ni9e8iofg8ghvk7/gradle-2.14.1/lib/asm-all-5.1.jar
7f6254008000-7f6254010000 r--s 0003a000 08:02 7341010                    /home/alejo/.gradle/wrapper/dists/gradle-2.14.1-all/4cj8p00t3e5ni9e8iofg8ghvk7/gradle-2.14.1/lib/gradle-base-services-2.14.1.jar
7f6254010000-7f6254047000 r--s 001bd000 08:02 7341012                    /home/alejo/.gradle/wrapper/dists/gradle-2.14.1-all/4cj8p00t3e5ni9e8iofg8ghvk7/gradle-2.14.1/lib/gradle-core-2.14.1.jar
7f6254047000-7f6254052000 r--s 00051000 08:02 7341007                    /home/alejo/.gradle/wrapper/dists/gradle-2.14.1-all/4cj8p00t3e5ni9e8iofg8ghvk7/gradle-2.14.1/lib/gradle-launcher-2.14.1.jar
7f6254052000-7f625406d000 r--s 001d6000 08:02 4064500                    /usr/lib/jvm/java-8-openjdk-amd64/jre/lib/ext/nashorn.jar
7f625406d000-7f6254070000 ---p 00000000 00:00 0 
7f6254070000-7f625416e000 rw-p 00000000 00:00 0 
7f625416e000-7f6254171000 ---p 00000000 00:00 0 
7f6254171000-7f625426f000 rw-p 00000000 00:00 0 
7f625426f000-7f6254272000 ---p 00000000 00:00 0 
7f6254272000-7f6254370000 rw-p 00000000 00:00 0 
7f6254370000-7f6254371000 ---p 00000000 00:00 0 
7f6254371000-7f6254dbc000 rw-p 00000000 00:00 0 
7f6254dbc000-7f6254f8a000 r--s 03c06000 08:02 3809376                    /usr/lib/jvm/java-8-openjdk-amd64/jre/lib/rt.jar
7f6254f8a000-7f6259000000 rw-p 00000000 00:00 0 
7f6259000000-7f625b740000 rwxp 00000000 00:00 0 
7f625b740000-7f6268000000 ---p 00000000 00:00 0 
7f6268000000-7f6268ba1000 rw-p 00000000 00:00 0 
7f6268ba1000-7f626c000000 ---p 00000000 00:00 0 
7f626c000000-7f626c005000 r--s 00041000 08:02 7341019                    /home/alejo/.gradle/wrapper/dists/gradle-2.14.1-all/4cj8p00t3e5ni9e8iofg8ghvk7/gradle-2.14.1/lib/commons-lang-2.6.jar
7f626c005000-7f626c020000 r--s 00394000 08:02 4064519                    /usr/lib/jvm/java-8-openjdk-amd64/jre/lib/ext/cldrdata.jar
7f626c020000-7f626c46d000 rw-p 00000000 00:00 0 
7f626c46d000-7f626c46e000 ---p 00000000 00:00 0 
7f626c46e000-7f626c56e000 rw-p 00000000 00:00 0 
7f626c56e000-7f626c56f000 ---p 00000000 00:00 0 
7f626c56f000-7f626c698000 rw-p 00000000 00:00 0 
7f626c698000-7f626c91a000 ---p 00000000 00:00 0 
7f626c91a000-7f626c943000 rw-p 00000000 00:00 0 
7f626c943000-7f626cbc4000 ---p 00000000 00:00 0 
7f626cbc4000-7f626cc9a000 rw-p 00000000 00:00 0 
7f626cc9a000-7f626cd1a000 ---p 00000000 00:00 0 
7f626cd1a000-7f626cdb8000 rw-p 00000000 00:00 0 
7f626cdb8000-7f626d0db000 ---p 00000000 00:00 0 
7f626d0db000-7f626d0e3000 r-xp 00000000 08:02 3809143                    /usr/lib/jvm/java-8-openjdk-amd64/jre/lib/amd64/libzip.so
7f626d0e3000-7f626d2e2000 ---p 00008000 08:02 3809143                    /usr/lib/jvm/java-8-openjdk-amd64/jre/lib/amd64/libzip.so
7f626d2e2000-7f626d2e3000 r--p 00007000 08:02 3809143                    /usr/lib/jvm/java-8-openjdk-amd64/jre/lib/amd64/libzip.so
7f626d2e3000-7f626d2e4000 rw-p 00008000 08:02 3809143                    /usr/lib/jvm/java-8-openjdk-amd64/jre/lib/amd64/libzip.so
7f626d2e4000-7f626d2ef000 r-xp 00000000 08:02 6948749                    /lib/x86_64-linux-gnu/libnss_files-2.23.so
7f626d2ef000-7f626d4ee000 ---p 0000b000 08:02 6948749                    /lib/x86_64-linux-gnu/libnss_files-2.23.so
7f626d4ee000-7f626d4ef000 r--p 0000a000 08:02 6948749                    /lib/x86_64-linux-gnu/libnss_files-2.23.so
7f626d4ef000-7f626d4f0000 rw-p 0000b000 08:02 6948749                    /lib/x86_64-linux-gnu/libnss_files-2.23.so
7f626d4f0000-7f626d4f6000 rw-p 00000000 00:00 0 
7f626d4f6000-7f626d501000 r-xp 00000000 08:02 6948735                    /lib/x86_64-linux-gnu/libnss_nis-2.23.so
7f626d501000-7f626d700000 ---p 0000b000 08:02 6948735                    /lib/x86_64-linux-gnu/libnss_nis-2.23.so
7f626d700000-7f626d701000 r--p 0000a000 08:02 6948735                    /lib/x86_64-linux-gnu/libnss_nis-2.23.so
7f626d701000-7f626d702000 rw-p 0000b000 08:02 6948735                    /lib/x86_64-linux-gnu/libnss_nis-2.23.so
7f626d702000-7f626d718000 r-xp 00000000 08:02 6948739                    /lib/x86_64-linux-gnu/libnsl-2.23.so
7f626d718000-7f626d917000 ---p 00016000 08:02 6948739                    /lib/x86_64-linux-gnu/libnsl-2.23.so
7f626d917000-7f626d918000 r--p 00015000 08:02 6948739                    /lib/x86_64-linux-gnu/libnsl-2.23.so
7f626d918000-7f626d919000 rw-p 00016000 08:02 6948739                    /lib/x86_64-linux-gnu/libnsl-2.23.so
7f626d919000-7f626d91b000 rw-p 00000000 00:00 0 
7f626d91b000-7f626d923000 r-xp 00000000 08:02 6948753                    /lib/x86_64-linux-gnu/libnss_compat-2.23.so
7f626d923000-7f626db22000 ---p 00008000 08:02 6948753                    /lib/x86_64-linux-gnu/libnss_compat-2.23.so
7f626db22000-7f626db23000 r--p 00007000 08:02 6948753                    /lib/x86_64-linux-gnu/libnss_compat-2.23.so
7f626db23000-7f626db24000 rw-p 00008000 08:02 6948753                    /lib/x86_64-linux-gnu/libnss_compat-2.23.so
7f626db24000-7f626db51000 r-xp 00000000 08:02 3809308                    /usr/lib/jvm/java-8-openjdk-amd64/jre/lib/amd64/libjava.so
7f626db51000-7f626dd50000 ---p 0002d000 08:02 3809308                    /usr/lib/jvm/java-8-openjdk-amd64/jre/lib/amd64/libjava.so
7f626dd50000-7f626dd51000 r--p 0002c000 08:02 3809308                    /usr/lib/jvm/java-8-openjdk-amd64/jre/lib/amd64/libjava.so
7f626dd51000-7f626dd53000 rw-p 0002d000 08:02 3809308                    /usr/lib/jvm/java-8-openjdk-amd64/jre/lib/amd64/libjava.so
7f626dd53000-7f626dd62000 r-xp 00000000 08:02 3809130                    /usr/lib/jvm/java-8-openjdk-amd64/jre/lib/amd64/libverify.so
7f626dd62000-7f626df61000 ---p 0000f000 08:02 3809130                    /usr/lib/jvm/java-8-openjdk-amd64/jre/lib/amd64/libverify.so
7f626df61000-7f626df63000 r--p 0000e000 08:02 3809130                    /usr/lib/jvm/java-8-openjdk-amd64/jre/lib/amd64/libverify.so
7f626df63000-7f626df64000 rw-p 00010000 08:02 3809130                    /usr/lib/jvm/java-8-openjdk-amd64/jre/lib/amd64/libverify.so
7f626df64000-7f626df6b000 r-xp 00000000 08:02 6948755                    /lib/x86_64-linux-gnu/librt-2.23.so
7f626df6b000-7f626e16a000 ---p 00007000 08:02 6948755                    /lib/x86_64-linux-gnu/librt-2.23.so
7f626e16a000-7f626e16b000 r--p 00006000 08:02 6948755                    /lib/x86_64-linux-gnu/librt-2.23.so
7f626e16b000-7f626e16c000 rw-p 00007000 08:02 6948755                    /lib/x86_64-linux-gnu/librt-2.23.so
7f626e16c000-7f626e182000 r-xp 00000000 08:02 6951333                    /lib/x86_64-linux-gnu/libgcc_s.so.1
7f626e182000-7f626e381000 ---p 00016000 08:02 6951333                    /lib/x86_64-linux-gnu/libgcc_s.so.1
7f626e381000-7f626e382000 rw-p 00015000 08:02 6951333                    /lib/x86_64-linux-gnu/libgcc_s.so.1
7f626e382000-7f626e48a000 r-xp 00000000 08:02 6948737                    /lib/x86_64-linux-gnu/libm-2.23.so
7f626e48a000-7f626e689000 ---p 00108000 08:02 6948737                    /lib/x86_64-linux-gnu/libm-2.23.so
7f626e689000-7f626e68a000 r--p 00107000 08:02 6948737                    /lib/x86_64-linux-gnu/libm-2.23.so
7f626e68a000-7f626e68b000 rw-p 00108000 08:02 6948737                    /lib/x86_64-linux-gnu/libm-2.23.so
7f626e68b000-7f626e7fd000 r-xp 00000000 08:02 3816054                    /usr/lib/x86_64-linux-gnu/libstdc++.so.6.0.21
7f626e7fd000-7f626e9fd000 ---p 00172000 08:02 3816054                    /usr/lib/x86_64-linux-gnu/libstdc++.so.6.0.21
7f626e9fd000-7f626ea07000 r--p 00172000 08:02 3816054                    /usr/lib/x86_64-linux-gnu/libstdc++.so.6.0.21
7f626ea07000-7f626ea09000 rw-p 0017c000 08:02 3816054                    /usr/lib/x86_64-linux-gnu/libstdc++.so.6.0.21
7f626ea09000-7f626ea0d000 rw-p 00000000 00:00 0 
7f626ea0d000-7f626f65d000 r-xp 00000000 08:02 3809187                    /usr/lib/jvm/java-8-openjdk-amd64/jre/lib/amd64/server/libjvm.so
7f626f65d000-7f626f85c000 ---p 00c50000 08:02 3809187                    /usr/lib/jvm/java-8-openjdk-amd64/jre/lib/amd64/server/libjvm.so
7f626f85c000-7f626f8ef000 r--p 00c4f000 08:02 3809187                    /usr/lib/jvm/java-8-openjdk-amd64/jre/lib/amd64/server/libjvm.so
7f626f8ef000-7f626f918000 rw-p 00ce2000 08:02 3809187                    /usr/lib/jvm/java-8-openjdk-amd64/jre/lib/amd64/server/libjvm.so
7f626f918000-7f626f948000 rw-p 00000000 00:00 0 
7f626f948000-7f626f960000 r-xp 00000000 08:02 6948763                    /lib/x86_64-linux-gnu/libpthread-2.23.so
7f626f960000-7f626fb5f000 ---p 00018000 08:02 6948763                    /lib/x86_64-linux-gnu/libpthread-2.23.so
7f626fb5f000-7f626fb60000 r--p 00017000 08:02 6948763                    /lib/x86_64-linux-gnu/libpthread-2.23.so
7f626fb60000-7f626fb61000 rw-p 00018000 08:02 6948763                    /lib/x86_64-linux-gnu/libpthread-2.23.so
7f626fb61000-7f626fb65000 rw-p 00000000 00:00 0 
7f626fb65000-7f626fb68000 r-xp 00000000 08:02 6948733                    /lib/x86_64-linux-gnu/libdl-2.23.so
7f626fb68000-7f626fd67000 ---p 00003000 08:02 6948733                    /lib/x86_64-linux-gnu/libdl-2.23.so
7f626fd67000-7f626fd68000 r--p 00002000 08:02 6948733                    /lib/x86_64-linux-gnu/libdl-2.23.so
7f626fd68000-7f626fd69000 rw-p 00003000 08:02 6948733                    /lib/x86_64-linux-gnu/libdl-2.23.so
7f626fd69000-7f626fd82000 r-xp 00000000 08:02 6951486                    /lib/x86_64-linux-gnu/libz.so.1.2.8
7f626fd82000-7f626ff81000 ---p 00019000 08:02 6951486                    /lib/x86_64-linux-gnu/libz.so.1.2.8
7f626ff81000-7f626ff82000 r--p 00018000 08:02 6951486                    /lib/x86_64-linux-gnu/libz.so.1.2.8
7f626ff82000-7f626ff83000 rw-p 00019000 08:02 6951486                    /lib/x86_64-linux-gnu/libz.so.1.2.8
7f626ff83000-7f6270142000 r-xp 00000000 08:02 6948741                    /lib/x86_64-linux-gnu/libc-2.23.so
7f6270142000-7f6270342000 ---p 001bf000 08:02 6948741                    /lib/x86_64-linux-gnu/libc-2.23.so
7f6270342000-7f6270346000 r--p 001bf000 08:02 6948741                    /lib/x86_64-linux-gnu/libc-2.23.so
7f6270346000-7f6270348000 rw-p 001c3000 08:02 6948741                    /lib/x86_64-linux-gnu/libc-2.23.so
7f6270348000-7f627034c000 rw-p 00000000 00:00 0 
7f627034c000-7f6270359000 r-xp 00000000 08:02 3809182                    /usr/lib/jvm/java-8-openjdk-amd64/jre/lib/amd64/jli/libjli.so
7f6270359000-7f6270559000 ---p 0000d000 08:02 3809182                    /usr/lib/jvm/java-8-openjdk-amd64/jre/lib/amd64/jli/libjli.so
7f6270559000-7f627055a000 r--p 0000d000 08:02 3809182                    /usr/lib/jvm/java-8-openjdk-amd64/jre/lib/amd64/jli/libjli.so
7f627055a000-7f627055b000 rw-p 0000e000 08:02 3809182                    /usr/lib/jvm/java-8-openjdk-amd64/jre/lib/amd64/jli/libjli.so
7f627055b000-7f6270581000 r-xp 00000000 08:02 6948743                    /lib/x86_64-linux-gnu/ld-2.23.so
7f6270581000-7f6270582000 r--s 00000000 08:02 7341028                    /home/alejo/.gradle/wrapper/dists/gradle-2.14.1-all/4cj8p00t3e5ni9e8iofg8ghvk7/gradle-2.14.1/lib/jcip-annotations-1.0.jar
7f6270582000-7f6270583000 r--s 00001000 08:02 7341020                    /home/alejo/.gradle/wrapper/dists/gradle-2.14.1-all/4cj8p00t3e5ni9e8iofg8ghvk7/gradle-2.14.1/lib/gradle-process-services-2.14.1.jar
7f6270583000-7f6270584000 r--s 00000000 08:02 7341011                    /home/alejo/.gradle/wrapper/dists/gradle-2.14.1-all/4cj8p00t3e5ni9e8iofg8ghvk7/gradle-2.14.1/lib/gradle-jvm-services-2.14.1.jar
7f6270584000-7f6270650000 rw-p 00000000 00:00 0 
7f6270650000-7f6270653000 ---p 00000000 00:00 0 
7f6270653000-7f6270756000 rw-p 00000000 00:00 0 
7f6270756000-7f6270757000 r--s 00007000 08:02 7341017                    /home/alejo/.gradle/wrapper/dists/gradle-2.14.1-all/4cj8p00t3e5ni9e8iofg8ghvk7/gradle-2.14.1/lib/slf4j-api-1.7.10.jar
7f6270757000-7f6270758000 r--s 00004000 08:02 7341041                    /home/alejo/.gradle/wrapper/dists/gradle-2.14.1-all/4cj8p00t3e5ni9e8iofg8ghvk7/gradle-2.14.1/lib/ant-launcher-1.9.6.jar
7f6270758000-7f6270759000 r--s 00010000 08:02 4064532                    /usr/lib/jvm/java-8-openjdk-amd64/jre/lib/ext/zipfs.jar
7f6270759000-7f627075d000 r--s 00037000 08:02 4065183                    /usr/lib/jvm/java-8-openjdk-amd64/jre/lib/ext/sunpkcs11.jar
7f627075d000-7f6270762000 r--s 0003b000 08:02 4065209                    /usr/lib/jvm/java-8-openjdk-amd64/jre/lib/ext/sunjce_provider.jar
7f6270762000-7f6270764000 r--s 00001000 08:02 4064513                    /usr/lib/jvm/java-8-openjdk-amd64/jre/lib/ext/dnsns.jar
7f6270764000-7f6270766000 r--s 00008000 08:02 4064209                    /usr/lib/jvm/java-8-openjdk-amd64/jre/lib/ext/sunec.jar
7f6270766000-7f6270769000 r--s 0000f000 08:02 4064518                    /usr/lib/jvm/java-8-openjdk-amd64/jre/lib/ext/icedtea-sound.jar
7f6270769000-7f6270773000 r--s 00116000 08:02 4065207                    /usr/lib/jvm/java-8-openjdk-amd64/jre/lib/ext/localedata.jar
7f6270773000-7f6270774000 r--s 0000a000 08:02 4065327                    /usr/lib/jvm/java-8-openjdk-amd64/jre/lib/ext/jaccess.jar
7f6270774000-7f627077c000 rw-s 00000000 08:02 4859204                    /tmp/hsperfdata_alejo/5572
7f627077c000-7f627077d000 rw-p 00000000 00:00 0 
7f627077d000-7f627077e000 ---p 00000000 00:00 0 
7f627077e000-7f6270780000 rw-p 00000000 00:00 0 
7f6270780000-7f6270781000 r--p 00025000 08:02 6948743                    /lib/x86_64-linux-gnu/ld-2.23.so
7f6270781000-7f6270782000 rw-p 00026000 08:02 6948743                    /lib/x86_64-linux-gnu/ld-2.23.so
7f6270782000-7f6270783000 rw-p 00000000 00:00 0 
7ffe231c6000-7ffe231e8000 rw-p 00000000 00:00 0                          [stack]
7ffe231f2000-7ffe231f4000 r--p 00000000 00:00 0                          [vvar]
7ffe231f4000-7ffe231f6000 r-xp 00000000 00:00 0                          [vdso]
ffffffffff600000-ffffffffff601000 r-xp 00000000 00:00 0                  [vsyscall]

VM Arguments:
jvm_args: -Xmx2048m -Dfile.encoding=UTF-8 -Duser.country=CO -Duser.language=es -Duser.variant 
java_command: org.gradle.launcher.daemon.bootstrap.GradleDaemon 2.14.1
java_class_path (initial): /home/alejo/.gradle/wrapper/dists/gradle-2.14.1-all/4cj8p00t3e5ni9e8iofg8ghvk7/gradle-2.14.1/lib/gradle-launcher-2.14.1.jar
Launcher Type: SUN_STANDARD

Environment Variables:
JAVA_HOME=/usr/lib/jvm/java-8-openjdk-amd64
PATH=/home/alejo/.nvm/versions/node/v6.10.2/bin:/home/alejo/bin:/home/alejo/.local/bin:/usr/local/sbin:/usr/local/bin:/usr/sbin:/usr/bin:/sbin:/bin:/usr/games:/usr/local/games:/snap/bin:/home/alejo/Android/Sdk/tools:/home/alejo/Android/Sdk/platform-tools
SHELL=/bin/bash
DISPLAY=:0

Signal Handlers:
SIGSEGV: [libjvm.so+0xa66fd0], sa_mask[0]=11111111011111111101111111111110, sa_flags=SA_RESTART|SA_SIGINFO
SIGBUS: [libjvm.so+0xa66fd0], sa_mask[0]=11111111011111111101111111111110, sa_flags=SA_RESTART|SA_SIGINFO
SIGFPE: [libjvm.so+0x8b0180], sa_mask[0]=11111111011111111101111111111110, sa_flags=SA_RESTART|SA_SIGINFO
SIGPIPE: [libjvm.so+0x8b0180], sa_mask[0]=11111111011111111101111111111110, sa_flags=SA_RESTART|SA_SIGINFO
SIGXFSZ: [libjvm.so+0x8b0180], sa_mask[0]=11111111011111111101111111111110, sa_flags=SA_RESTART|SA_SIGINFO
SIGILL: [libjvm.so+0x8b0180], sa_mask[0]=11111111011111111101111111111110, sa_flags=SA_RESTART|SA_SIGINFO
SIGUSR1: SIG_DFL, sa_mask[0]=00000000000000000000000000000000, sa_flags=none
SIGUSR2: [libjvm.so+0x8b0030], sa_mask[0]=00100000000000000000000000000000, sa_flags=SA_RESTART|SA_SIGINFO
SIGHUP: [libjvm.so+0x8b0500], sa_mask[0]=11111111011111111101111111111110, sa_flags=SA_RESTART|SA_SIGINFO
SIGINT: [libjvm.so+0x8b0500], sa_mask[0]=11111111011111111101111111111110, sa_flags=SA_RESTART|SA_SIGINFO
SIGTERM: [libjvm.so+0x8b0500], sa_mask[0]=11111111011111111101111111111110, sa_flags=SA_RESTART|SA_SIGINFO
SIGQUIT: [libjvm.so+0x8b0500], sa_mask[0]=11111111011111111101111111111110, sa_flags=SA_RESTART|SA_SIGINFO


---------------  S Y S T E M  ---------------

OS:DISTRIB_ID=Ubuntu
DISTRIB_RELEASE=16.04
DISTRIB_CODENAME=xenial
DISTRIB_DESCRIPTION="Ubuntu 16.04.2 LTS"

uname:Linux 4.4.0-72-generic #93-Ubuntu SMP Fri Mar 31 14:07:41 UTC 2017 x86_64
libc:glibc 2.23 NPTL 2.23 
rlimit: STACK 8192k, CORE 0k, NPROC 6470, NOFILE 65536, AS infinity
load average:1,75 0,79 0,99

/proc/meminfo:
MemTotal:        1932428 kB
MemFree:           71828 kB
MemAvailable:      52288 kB
Buffers:            3180 kB
Cached:           180096 kB
SwapCached:         7544 kB
Active:          1235308 kB
Inactive:         431196 kB
Active(anon):    1203196 kB
Inactive(anon):   403292 kB
Active(file):      32112 kB
Inactive(file):    27904 kB
Unevictable:         496 kB
Mlocked:             496 kB
SwapTotal:       1980412 kB
SwapFree:              0 kB
Dirty:               836 kB
Writeback:            24 kB
AnonPages:       1477360 kB
Mapped:            76356 kB
Shmem:            123072 kB
Slab:              86988 kB
SReclaimable:      50712 kB
SUnreclaim:        36276 kB
KernelStack:       11200 kB
PageTables:        53520 kB
NFS_Unstable:          0 kB
Bounce:                0 kB
WritebackTmp:          0 kB
CommitLimit:     2946624 kB
Committed_AS:    9448792 kB
VmallocTotal:   34359738367 kB
VmallocUsed:           0 kB
VmallocChunk:          0 kB
HardwareCorrupted:     0 kB
AnonHugePages:     73728 kB
CmaTotal:              0 kB
CmaFree:               0 kB
HugePages_Total:       0
HugePages_Free:        0
HugePages_Rsvd:        0
HugePages_Surp:        0
Hugepagesize:       2048 kB
DirectMap4k:      138244 kB
DirectMap2M:     1843200 kB


CPU:total 2 (2 cores per cpu, 1 threads per core) family 6 model 55 stepping 8, cmov, cx8, fxsr, mmx, sse, sse2, sse3, ssse3, sse4.1, sse4.2, popcnt, clmul, erms, 3dnowpref, tsc, tscinvbit

/proc/cpuinfo:
processor	: 0
vendor_id	: GenuineIntel
cpu family	: 6
model		: 55
model name	: Intel(R) Celeron(R) CPU  N2840  @ 2.16GHz
stepping	: 8
microcode	: 0x815
cpu MHz		: 2582.293
cache size	: 1024 KB
physical id	: 0
siblings	: 2
core id		: 0
cpu cores	: 2
apicid		: 0
initial apicid	: 0
fpu		: yes
fpu_exception	: yes
cpuid level	: 11
wp		: yes
flags		: fpu vme de pse tsc msr pae mce cx8 apic sep mtrr pge mca cmov pat pse36 clflush dts acpi mmx fxsr sse sse2 ss ht tm pbe syscall nx rdtscp lm constant_tsc arch_perfmon pebs bts rep_good nopl xtopology nonstop_tsc aperfmperf pni pclmulqdq dtes64 monitor ds_cpl vmx est tm2 ssse3 cx16 xtpr pdcm sse4_1 sse4_2 movbe popcnt tsc_deadline_timer rdrand lahf_lm 3dnowprefetch epb tpr_shadow vnmi flexpriority ept vpid tsc_adjust smep erms dtherm ida arat
bugs		:
bogomips	: 4326.40
clflush size	: 64
cache_alignment	: 64
address sizes	: 36 bits physical, 48 bits virtual
power management:

processor	: 1
vendor_id	: GenuineIntel
cpu family	: 6
model		: 55
model name	: Intel(R) Celeron(R) CPU  N2840  @ 2.16GHz
stepping	: 8
microcode	: 0x815
cpu MHz		: 2582.293
cache size	: 1024 KB
physical id	: 0
siblings	: 2
core id		: 1
cpu cores	: 2
apicid		: 2
initial apicid	: 2
fpu		: yes
fpu_exception	: yes
cpuid level	: 11
wp		: yes
flags		: fpu vme de pse tsc msr pae mce cx8 apic sep mtrr pge mca cmov pat pse36 clflush dts acpi mmx fxsr sse sse2 ss ht tm pbe syscall nx rdtscp lm constant_tsc arch_perfmon pebs bts rep_good nopl xtopology nonstop_tsc aperfmperf pni pclmulqdq dtes64 monitor ds_cpl vmx est tm2 ssse3 cx16 xtpr pdcm sse4_1 sse4_2 movbe popcnt tsc_deadline_timer rdrand lahf_lm 3dnowprefetch epb tpr_shadow vnmi flexpriority ept vpid tsc_adjust smep erms dtherm ida arat
bugs		:
bogomips	: 4326.40
clflush size	: 64
cache_alignment	: 64
address sizes	: 36 bits physical, 48 bits virtual
power management:



Memory: 4k page, physical 1932428k(71828k free), swap 1980412k(0k free)

vm_info: OpenJDK 64-Bit Server VM (25.121-b13) for linux-amd64 JRE (1.8.0_121-8u121-b13-0ubuntu1.16.04.2-b13), built on Jan 23 2017 15:51:29 by "buildd" with gcc 5.4.0 20160609

time: Fri Apr 28 12:26:57 2017
elapsed time: 1759 seconds (0d 0h 29m 19s)

